[ 2016-09-24T10:03:59+08:00 ] 127.0.0.1 /api/Uploads/image/57e3554ee9df1_thumb.jpg
INFO: [ app_init ] --START--
INFO: Run Behavior\BuildLiteBehavior [ RunTime:0.000000s ]
INFO: [ app_init ] --END-- [ RunTime:0.000000s ]

[ 2016-09-24T10:03:59+08:00 ] 127.0.0.1 /api/Uploads/image/57e3554ee9df1_thumb.jpg
INFO: [ app_init ] --START--
INFO: Run Behavior\BuildLiteBehavior [ RunTime:0.000000s ]
INFO: [ app_init ] --END-- [ RunTime:0.000000s ]

[ 2016-09-24T10:04:09+08:00 ] 127.0.0.1 /api/Uploads/image/57e3554ee9df1_thumb.jpg
INFO: [ app_init ] --START--
INFO: Run Behavior\BuildLiteBehavior [ RunTime:0.000000s ]
INFO: [ app_init ] --END-- [ RunTime:0.000000s ]

[ 2016-09-24T10:04:09+08:00 ] 127.0.0.1 /api/Uploads/image/57e3554ee9df1_thumb.jpg
INFO: [ app_init ] --START--
INFO: Run Behavior\BuildLiteBehavior [ RunTime:0.000000s ]
INFO: [ app_init ] --END-- [ RunTime:0.000000s ]

[ 2016-09-24T10:05:17+08:00 ] 127.0.0.1 /api/Uploads/image/57e3554ee9df1_thumb.jpg
INFO: [ app_init ] --START--
INFO: Run Behavior\BuildLiteBehavior [ RunTime:0.000000s ]
INFO: [ app_init ] --END-- [ RunTime:0.000000s ]

[ 2016-09-24T10:05:17+08:00 ] 127.0.0.1 /api/Uploads/image/57e3554ee9df1_thumb.jpg
INFO: [ app_init ] --START--
INFO: Run Behavior\BuildLiteBehavior [ RunTime:0.000000s ]
INFO: [ app_init ] --END-- [ RunTime:0.000000s ]

[ 2016-09-24T10:06:04+08:00 ] 127.0.0.1 /api/Uploads/image/57e3554ee9df1_thumb.jpg
INFO: [ app_init ] --START--
INFO: Run Behavior\BuildLiteBehavior [ RunTime:0.000000s ]
INFO: [ app_init ] --END-- [ RunTime:0.000000s ]

[ 2016-09-24T10:06:04+08:00 ] 127.0.0.1 /api/Uploads/image/57e3554ee9df1_thumb.jpg
INFO: [ app_init ] --START--
INFO: Run Behavior\BuildLiteBehavior [ RunTime:0.000000s ]
INFO: [ app_init ] --END-- [ RunTime:0.000000s ]

[ 2016-09-24T10:07:20+08:00 ] 127.0.0.1 /api/Uploads/image/57e3554ee9df1_thumb.jpg
INFO: [ app_init ] --START--
INFO: Run Behavior\BuildLiteBehavior [ RunTime:0.000000s ]
INFO: [ app_init ] --END-- [ RunTime:0.000000s ]

[ 2016-09-24T10:07:21+08:00 ] 127.0.0.1 /api/Uploads/image/57e3554ee9df1_thumb.jpg
INFO: [ app_init ] --START--
INFO: Run Behavior\BuildLiteBehavior [ RunTime:0.000000s ]
INFO: [ app_init ] --END-- [ RunTime:0.000000s ]

[ 2016-09-24T10:09:21+08:00 ] 127.0.0.1 /api/Uploads/image/57e3554ee9df1_thumb.jpg
INFO: [ app_init ] --START--
INFO: Run Behavior\BuildLiteBehavior [ RunTime:0.000000s ]
INFO: [ app_init ] --END-- [ RunTime:0.000000s ]

[ 2016-09-24T10:09:21+08:00 ] 127.0.0.1 /api/Uploads/image/57e3554ee9df1_thumb.jpg
INFO: [ app_init ] --START--
INFO: Run Behavior\BuildLiteBehavior [ RunTime:0.000000s ]
INFO: [ app_init ] --END-- [ RunTime:0.000000s ]

[ 2016-09-24T10:11:48+08:00 ] 127.0.0.1 /api/Uploads/image/57e3554ee9df1_thumb.jpg
INFO: [ app_init ] --START--
INFO: Run Behavior\BuildLiteBehavior [ RunTime:0.000000s ]
INFO: [ app_init ] --END-- [ RunTime:0.001000s ]

[ 2016-09-24T10:11:48+08:00 ] 127.0.0.1 /api/Uploads/image/57e3554ee9df1_thumb.jpg
INFO: [ app_init ] --START--
INFO: Run Behavior\BuildLiteBehavior [ RunTime:0.000000s ]
INFO: [ app_init ] --END-- [ RunTime:0.000000s ]

[ 2016-09-24T14:38:18+08:00 ] 127.0.0.1 /api/Test/index
INFO: [ app_init ] --START--
INFO: Run Behavior\BuildLiteBehavior [ RunTime:0.001000s ]
INFO: [ app_init ] --END-- [ RunTime:0.001000s ]
INFO: [ app_begin ] --START--
INFO: Run Behavior\ReadHtmlCacheBehavior [ RunTime:0.000000s ]
INFO: [ app_begin ] --END-- [ RunTime:0.000000s ]

