[ 2016-09-19T15:33:06+08:00 ] 127.0.0.1 /api/
INFO: [ app_init ] --START--
INFO: Run Behavior\BuildLiteBehavior [ RunTime:0.000000s ]
INFO: [ app_init ] --END-- [ RunTime:0.000000s ]
INFO: [ app_begin ] --START--
INFO: Run Behavior\ReadHtmlCacheBehavior [ RunTime:0.001000s ]
INFO: [ app_begin ] --END-- [ RunTime:0.001000s ]
INFO: [ view_parse ] --START--
INFO: [ template_filter ] --START--
INFO: Run Behavior\ContentReplaceBehavior [ RunTime:0.000000s ]
INFO: [ template_filter ] --END-- [ RunTime:0.000000s ]
INFO: Run Behavior\ParseTemplateBehavior [ RunTime:0.006001s ]
INFO: [ view_parse ] --END-- [ RunTime:0.006001s ]
INFO: [ view_filter ] --START--
INFO: Run Behavior\WriteHtmlCacheBehavior [ RunTime:0.001000s ]
INFO: [ view_filter ] --END-- [ RunTime:0.001000s ]
INFO: [ app_end ] --START--
INFO: Run Behavior\ShowPageTraceBehavior [ RunTime:0.001000s ]
INFO: [ app_end ] --END-- [ RunTime:0.001000s ]

[ 2016-09-19T15:43:58+08:00 ] 127.0.0.1 /api/Test/index
INFO: [ app_init ] --START--
INFO: Run Behavior\BuildLiteBehavior [ RunTime:0.000000s ]
INFO: [ app_init ] --END-- [ RunTime:0.000000s ]
INFO: [ app_begin ] --START--
INFO: Run Behavior\ReadHtmlCacheBehavior [ RunTime:0.000000s ]
INFO: [ app_begin ] --END-- [ RunTime:0.000000s ]

[ 2016-09-19T15:44:14+08:00 ] 127.0.0.1 /api/Test/index
INFO: [ app_init ] --START--
INFO: Run Behavior\BuildLiteBehavior [ RunTime:0.000000s ]
INFO: [ app_init ] --END-- [ RunTime:0.000000s ]
INFO: [ app_begin ] --START--
INFO: Run Behavior\ReadHtmlCacheBehavior [ RunTime:0.000000s ]
INFO: [ app_begin ] --END-- [ RunTime:0.000000s ]

[ 2016-09-19T15:45:21+08:00 ] 127.0.0.1 /api/Test/index
INFO: [ app_init ] --START--
INFO: Run Behavior\BuildLiteBehavior [ RunTime:0.000000s ]
INFO: [ app_init ] --END-- [ RunTime:0.001000s ]
INFO: [ app_begin ] --START--
INFO: Run Behavior\ReadHtmlCacheBehavior [ RunTime:0.001000s ]
INFO: [ app_begin ] --END-- [ RunTime:0.001000s ]

[ 2016-09-19T15:45:43+08:00 ] 127.0.0.1 /api/Test/index
INFO: [ app_init ] --START--
INFO: Run Behavior\BuildLiteBehavior [ RunTime:0.000000s ]
INFO: [ app_init ] --END-- [ RunTime:0.001000s ]
INFO: [ app_begin ] --START--
INFO: Run Behavior\ReadHtmlCacheBehavior [ RunTime:0.002000s ]
INFO: [ app_begin ] --END-- [ RunTime:0.002000s ]
NOTIC: [2] Missing argument 4 for Think\Controller::apiReturn(), called in D:\wamp\www\api\Application\Home\Controller\TestController.class.php on line 8 and defined D:\wamp\www\api\ThinkPHP\Library\Think\Controller.class.php 第 244 行.
NOTIC: [8] Undefined variable: type D:\wamp\www\api\ThinkPHP\Library\Think\Controller.class.php 第 253 行.

[ 2016-09-19T15:45:52+08:00 ] 127.0.0.1 /api/Test/index
INFO: [ app_init ] --START--
INFO: Run Behavior\BuildLiteBehavior [ RunTime:0.000000s ]
INFO: [ app_init ] --END-- [ RunTime:0.001000s ]
INFO: [ app_begin ] --START--
INFO: Run Behavior\ReadHtmlCacheBehavior [ RunTime:0.001000s ]
INFO: [ app_begin ] --END-- [ RunTime:0.001000s ]
NOTIC: [8] Use of undefined constant abc - assumed 'abc' D:\wamp\www\api\Application\Home\Controller\TestController.class.php 第 8 行.
NOTIC: [2] Missing argument 4 for Think\Controller::apiReturn(), called in D:\wamp\www\api\Application\Home\Controller\TestController.class.php on line 8 and defined D:\wamp\www\api\ThinkPHP\Library\Think\Controller.class.php 第 244 行.
NOTIC: [2] Missing argument 3 for Think\Controller::apiReturn(), called in D:\wamp\www\api\ThinkPHP\Library\Think\Controller.class.php on line 246 and defined D:\wamp\www\api\ThinkPHP\Library\Think\Controller.class.php 第 244 行.
NOTIC: [2] Missing argument 4 for Think\Controller::apiReturn(), called in D:\wamp\www\api\ThinkPHP\Library\Think\Controller.class.php on line 246 and defined D:\wamp\www\api\ThinkPHP\Library\Think\Controller.class.php 第 244 行.
NOTIC: [8] Undefined variable: data D:\wamp\www\api\ThinkPHP\Library\Think\Controller.class.php 第 252 行.
NOTIC: [8] Undefined variable: type D:\wamp\www\api\ThinkPHP\Library\Think\Controller.class.php 第 253 行.

[ 2016-09-19T15:47:54+08:00 ] 127.0.0.1 /api/Test/index
INFO: [ app_init ] --START--
INFO: Run Behavior\BuildLiteBehavior [ RunTime:0.000000s ]
INFO: [ app_init ] --END-- [ RunTime:0.000000s ]
INFO: [ app_begin ] --START--
INFO: Run Behavior\ReadHtmlCacheBehavior [ RunTime:0.000000s ]
INFO: [ app_begin ] --END-- [ RunTime:0.000000s ]
NOTIC: [8] Use of undefined constant abc - assumed 'abc' D:\wamp\www\api\Application\Home\Controller\TestController.class.php 第 8 行.
NOTIC: [2] Missing argument 4 for Think\Controller::apiReturn(), called in D:\wamp\www\api\Application\Home\Controller\TestController.class.php on line 8 and defined D:\wamp\www\api\ThinkPHP\Library\Think\Controller.class.php 第 244 行.
NOTIC: [2] Missing argument 4 for Think\Controller::apiReturn(), called in D:\wamp\www\api\ThinkPHP\Library\Think\Controller.class.php on line 246 and defined D:\wamp\www\api\ThinkPHP\Library\Think\Controller.class.php 第 244 行.
NOTIC: [8] Undefined variable: type D:\wamp\www\api\ThinkPHP\Library\Think\Controller.class.php 第 253 行.

[ 2016-09-19T15:47:56+08:00 ] 127.0.0.1 /api/Test/index
INFO: [ app_init ] --START--
INFO: Run Behavior\BuildLiteBehavior [ RunTime:0.000000s ]
INFO: [ app_init ] --END-- [ RunTime:0.000000s ]
INFO: [ app_begin ] --START--
INFO: Run Behavior\ReadHtmlCacheBehavior [ RunTime:0.000000s ]
INFO: [ app_begin ] --END-- [ RunTime:0.000000s ]
NOTIC: [8] Use of undefined constant abc - assumed 'abc' D:\wamp\www\api\Application\Home\Controller\TestController.class.php 第 8 行.
NOTIC: [2] Missing argument 4 for Think\Controller::apiReturn(), called in D:\wamp\www\api\Application\Home\Controller\TestController.class.php on line 8 and defined D:\wamp\www\api\ThinkPHP\Library\Think\Controller.class.php 第 244 行.
NOTIC: [2] Missing argument 4 for Think\Controller::apiReturn(), called in D:\wamp\www\api\ThinkPHP\Library\Think\Controller.class.php on line 246 and defined D:\wamp\www\api\ThinkPHP\Library\Think\Controller.class.php 第 244 行.
NOTIC: [8] Undefined variable: type D:\wamp\www\api\ThinkPHP\Library\Think\Controller.class.php 第 253 行.

[ 2016-09-19T15:48:05+08:00 ] 127.0.0.1 /api/Test/index
INFO: [ app_init ] --START--
INFO: Run Behavior\BuildLiteBehavior [ RunTime:0.000000s ]
INFO: [ app_init ] --END-- [ RunTime:0.000000s ]
INFO: [ app_begin ] --START--
INFO: Run Behavior\ReadHtmlCacheBehavior [ RunTime:0.000000s ]
INFO: [ app_begin ] --END-- [ RunTime:0.000000s ]
NOTIC: [8] Use of undefined constant abc - assumed 'abc' D:\wamp\www\api\Application\Home\Controller\TestController.class.php 第 8 行.
NOTIC: [2] Missing argument 4 for Think\Controller::apiReturn(), called in D:\wamp\www\api\Application\Home\Controller\TestController.class.php on line 8 and defined D:\wamp\www\api\ThinkPHP\Library\Think\Controller.class.php 第 244 行.
NOTIC: [2] Missing argument 3 for Think\Controller::apiReturn(), called in D:\wamp\www\api\ThinkPHP\Library\Think\Controller.class.php on line 246 and defined D:\wamp\www\api\ThinkPHP\Library\Think\Controller.class.php 第 244 行.
NOTIC: [2] Missing argument 4 for Think\Controller::apiReturn(), called in D:\wamp\www\api\ThinkPHP\Library\Think\Controller.class.php on line 246 and defined D:\wamp\www\api\ThinkPHP\Library\Think\Controller.class.php 第 244 行.
NOTIC: [8] Undefined variable: data D:\wamp\www\api\ThinkPHP\Library\Think\Controller.class.php 第 252 行.
NOTIC: [8] Undefined variable: type D:\wamp\www\api\ThinkPHP\Library\Think\Controller.class.php 第 253 行.

[ 2016-09-19T15:49:06+08:00 ] 127.0.0.1 /api/Test/index
INFO: [ app_init ] --START--
INFO: Run Behavior\BuildLiteBehavior [ RunTime:0.000000s ]
INFO: [ app_init ] --END-- [ RunTime:0.000000s ]
INFO: [ app_begin ] --START--
INFO: Run Behavior\ReadHtmlCacheBehavior [ RunTime:0.000000s ]
INFO: [ app_begin ] --END-- [ RunTime:0.000000s ]
NOTIC: [8] Use of undefined constant abc - assumed 'abc' D:\wamp\www\api\Application\Home\Controller\TestController.class.php 第 8 行.
NOTIC: [2] Missing argument 4 for Think\Controller::apiReturn(), called in D:\wamp\www\api\Application\Home\Controller\TestController.class.php on line 8 and defined D:\wamp\www\api\ThinkPHP\Library\Think\Controller.class.php 第 244 行.
NOTIC: [8] Undefined variable: type D:\wamp\www\api\ThinkPHP\Library\Think\Controller.class.php 第 253 行.

[ 2016-09-19T15:49:47+08:00 ] 127.0.0.1 /api/Test/index
INFO: [ app_init ] --START--
INFO: Run Behavior\BuildLiteBehavior [ RunTime:0.000000s ]
INFO: [ app_init ] --END-- [ RunTime:0.000000s ]
INFO: [ app_begin ] --START--
INFO: Run Behavior\ReadHtmlCacheBehavior [ RunTime:0.000000s ]
INFO: [ app_begin ] --END-- [ RunTime:0.000000s ]
NOTIC: [8] Use of undefined constant abc - assumed 'abc' D:\wamp\www\api\Application\Home\Controller\TestController.class.php 第 8 行.
NOTIC: [2] Missing argument 4 for Think\Controller::apiReturn(), called in D:\wamp\www\api\Application\Home\Controller\TestController.class.php on line 8 and defined D:\wamp\www\api\ThinkPHP\Library\Think\Controller.class.php 第 244 行.
NOTIC: [2] Missing argument 3 for Think\Controller::apiReturn(), called in D:\wamp\www\api\ThinkPHP\Library\Think\Controller.class.php on line 246 and defined D:\wamp\www\api\ThinkPHP\Library\Think\Controller.class.php 第 244 行.
NOTIC: [2] Missing argument 4 for Think\Controller::apiReturn(), called in D:\wamp\www\api\ThinkPHP\Library\Think\Controller.class.php on line 246 and defined D:\wamp\www\api\ThinkPHP\Library\Think\Controller.class.php 第 244 行.
NOTIC: [8] Undefined variable: data D:\wamp\www\api\ThinkPHP\Library\Think\Controller.class.php 第 252 行.
NOTIC: [8] Undefined variable: type D:\wamp\www\api\ThinkPHP\Library\Think\Controller.class.php 第 253 行.

[ 2016-09-19T15:50:37+08:00 ] 127.0.0.1 /api/Test/index
INFO: [ app_init ] --START--
INFO: Run Behavior\BuildLiteBehavior [ RunTime:0.000000s ]
INFO: [ app_init ] --END-- [ RunTime:0.000000s ]
INFO: [ app_begin ] --START--
INFO: Run Behavior\ReadHtmlCacheBehavior [ RunTime:0.000000s ]
INFO: [ app_begin ] --END-- [ RunTime:0.000000s ]
NOTIC: [8] Use of undefined constant abc - assumed 'abc' D:\wamp\www\api\Application\Home\Controller\TestController.class.php 第 8 行.
NOTIC: [2] Missing argument 4 for Think\Controller::apiReturn(), called in D:\wamp\www\api\Application\Home\Controller\TestController.class.php on line 8 and defined D:\wamp\www\api\ThinkPHP\Library\Think\Controller.class.php 第 244 行.
NOTIC: [8] Undefined variable: type D:\wamp\www\api\ThinkPHP\Library\Think\Controller.class.php 第 246 行.

[ 2016-09-19T15:50:37+08:00 ] 127.0.0.1 /api/Test/index
INFO: [ app_init ] --START--
INFO: Run Behavior\BuildLiteBehavior [ RunTime:0.000000s ]
INFO: [ app_init ] --END-- [ RunTime:0.000000s ]
INFO: [ app_begin ] --START--
INFO: Run Behavior\ReadHtmlCacheBehavior [ RunTime:0.000000s ]
INFO: [ app_begin ] --END-- [ RunTime:0.000000s ]
NOTIC: [8] Use of undefined constant abc - assumed 'abc' D:\wamp\www\api\Application\Home\Controller\TestController.class.php 第 8 行.
NOTIC: [2] Missing argument 4 for Think\Controller::apiReturn(), called in D:\wamp\www\api\Application\Home\Controller\TestController.class.php on line 8 and defined D:\wamp\www\api\ThinkPHP\Library\Think\Controller.class.php 第 244 行.
NOTIC: [8] Undefined variable: type D:\wamp\www\api\ThinkPHP\Library\Think\Controller.class.php 第 246 行.

[ 2016-09-19T15:50:48+08:00 ] 127.0.0.1 /api/Test/index
INFO: [ app_init ] --START--
INFO: Run Behavior\BuildLiteBehavior [ RunTime:0.000000s ]
INFO: [ app_init ] --END-- [ RunTime:0.000000s ]
INFO: [ app_begin ] --START--
INFO: Run Behavior\ReadHtmlCacheBehavior [ RunTime:0.000000s ]
INFO: [ app_begin ] --END-- [ RunTime:0.000000s ]
NOTIC: [8] Use of undefined constant abc - assumed 'abc' D:\wamp\www\api\Application\Home\Controller\TestController.class.php 第 8 行.
NOTIC: [2] Missing argument 4 for Think\Controller::apiReturn(), called in D:\wamp\www\api\Application\Home\Controller\TestController.class.php on line 8 and defined D:\wamp\www\api\ThinkPHP\Library\Think\Controller.class.php 第 244 行.
NOTIC: [8] Undefined variable: type D:\wamp\www\api\ThinkPHP\Library\Think\Controller.class.php 第 246 行.

[ 2016-09-19T15:51:08+08:00 ] 127.0.0.1 /api/Test/index
INFO: [ app_init ] --START--
INFO: Run Behavior\BuildLiteBehavior [ RunTime:0.000000s ]
INFO: [ app_init ] --END-- [ RunTime:0.000000s ]
INFO: [ app_begin ] --START--
INFO: Run Behavior\ReadHtmlCacheBehavior [ RunTime:0.000000s ]
INFO: [ app_begin ] --END-- [ RunTime:0.000000s ]
NOTIC: [8] Use of undefined constant abc - assumed 'abc' D:\wamp\www\api\Application\Home\Controller\TestController.class.php 第 8 行.

[ 2016-09-19T15:51:23+08:00 ] 127.0.0.1 /api/Test/index
INFO: [ app_init ] --START--
INFO: Run Behavior\BuildLiteBehavior [ RunTime:0.000000s ]
INFO: [ app_init ] --END-- [ RunTime:0.000000s ]
INFO: [ app_begin ] --START--
INFO: Run Behavior\ReadHtmlCacheBehavior [ RunTime:0.015600s ]
INFO: [ app_begin ] --END-- [ RunTime:0.015600s ]
NOTIC: [8] Use of undefined constant abc - assumed 'abc' D:\wamp\www\api\Application\Home\Controller\TestController.class.php 第 8 行.

[ 2016-09-19T15:52:22+08:00 ] 127.0.0.1 /api/Test/index
INFO: [ app_init ] --START--
INFO: Run Behavior\BuildLiteBehavior [ RunTime:0.000000s ]
INFO: [ app_init ] --END-- [ RunTime:0.000000s ]
INFO: [ app_begin ] --START--
INFO: Run Behavior\ReadHtmlCacheBehavior [ RunTime:0.000000s ]
INFO: [ app_begin ] --END-- [ RunTime:0.000000s ]
NOTIC: [8] Use of undefined constant abc - assumed 'abc' D:\wamp\www\api\Application\Home\Controller\TestController.class.php 第 8 行.

[ 2016-09-19T15:53:27+08:00 ] 127.0.0.1 /api/Test/index
INFO: [ app_init ] --START--
INFO: Run Behavior\BuildLiteBehavior [ RunTime:0.000000s ]
INFO: [ app_init ] --END-- [ RunTime:0.000000s ]
INFO: [ app_begin ] --START--
INFO: Run Behavior\ReadHtmlCacheBehavior [ RunTime:0.000000s ]
INFO: [ app_begin ] --END-- [ RunTime:0.000000s ]
NOTIC: [8] Use of undefined constant abc - assumed 'abc' D:\wamp\www\api\Application\Home\Controller\TestController.class.php 第 8 行.

[ 2016-09-19T17:27:21+08:00 ] 127.0.0.1 /api/Test/index
INFO: [ app_init ] --START--
INFO: Run Behavior\BuildLiteBehavior [ RunTime:0.000000s ]
INFO: [ app_init ] --END-- [ RunTime:0.000000s ]
INFO: [ app_begin ] --START--
INFO: Run Behavior\ReadHtmlCacheBehavior [ RunTime:0.001000s ]
INFO: [ app_begin ] --END-- [ RunTime:0.001000s ]
NOTIC: [8] Use of undefined constant abc - assumed 'abc' D:\wamp\www\api\Application\Home\Controller\TestController.class.php 第 8 行.

[ 2016-09-19T17:45:14+08:00 ] 127.0.0.1 /api/Test/index
INFO: [ app_init ] --START--
INFO: Run Behavior\BuildLiteBehavior [ RunTime:0.000000s ]
INFO: [ app_init ] --END-- [ RunTime:0.001000s ]
INFO: [ app_begin ] --START--
INFO: Run Behavior\ReadHtmlCacheBehavior [ RunTime:0.001000s ]
INFO: [ app_begin ] --END-- [ RunTime:0.002000s ]
NOTIC: [2] Missing argument 3 for Think\Controller::apiReturn(), called in D:\wamp\www\api\Application\Home\Controller\TestController.class.php on line 9 and defined D:\wamp\www\api\ThinkPHP\Library\Think\Controller.class.php 第 244 行.
NOTIC: [2] Missing argument 4 for Think\Controller::apiReturn(), called in D:\wamp\www\api\Application\Home\Controller\TestController.class.php on line 9 and defined D:\wamp\www\api\ThinkPHP\Library\Think\Controller.class.php 第 244 行.
NOTIC: [8] Undefined variable: data D:\wamp\www\api\ThinkPHP\Library\Think\Controller.class.php 第 252 行.
NOTIC: [8] Undefined variable: type D:\wamp\www\api\ThinkPHP\Library\Think\Controller.class.php 第 253 行.

[ 2016-09-19T17:58:22+08:00 ] 127.0.0.1 /api/Test/index
INFO: [ app_init ] --START--
INFO: Run Behavior\BuildLiteBehavior [ RunTime:0.000000s ]
INFO: [ app_init ] --END-- [ RunTime:0.001000s ]
INFO: [ app_begin ] --START--
INFO: Run Behavior\ReadHtmlCacheBehavior [ RunTime:0.001000s ]
INFO: [ app_begin ] --END-- [ RunTime:0.001000s ]
NOTIC: [2] Missing argument 3 for Think\Controller::apiReturn(), called in D:\wamp\www\api\Application\Home\Controller\TestController.class.php on line 9 and defined D:\wamp\www\api\ThinkPHP\Library\Think\Controller.class.php 第 244 行.
NOTIC: [2] Missing argument 4 for Think\Controller::apiReturn(), called in D:\wamp\www\api\Application\Home\Controller\TestController.class.php on line 9 and defined D:\wamp\www\api\ThinkPHP\Library\Think\Controller.class.php 第 244 行.
NOTIC: [8] Undefined variable: data D:\wamp\www\api\ThinkPHP\Library\Think\Controller.class.php 第 252 行.
NOTIC: [8] Undefined variable: type D:\wamp\www\api\ThinkPHP\Library\Think\Controller.class.php 第 253 行.

[ 2016-09-19T17:58:25+08:00 ] 127.0.0.1 /api/Test/index
INFO: [ app_init ] --START--
INFO: Run Behavior\BuildLiteBehavior [ RunTime:0.000000s ]
INFO: [ app_init ] --END-- [ RunTime:0.002000s ]
INFO: [ app_begin ] --START--
INFO: Run Behavior\ReadHtmlCacheBehavior [ RunTime:0.001000s ]
INFO: [ app_begin ] --END-- [ RunTime:0.001000s ]
NOTIC: [2] Missing argument 3 for Think\Controller::apiReturn(), called in D:\wamp\www\api\Application\Home\Controller\TestController.class.php on line 9 and defined D:\wamp\www\api\ThinkPHP\Library\Think\Controller.class.php 第 244 行.
NOTIC: [2] Missing argument 4 for Think\Controller::apiReturn(), called in D:\wamp\www\api\Application\Home\Controller\TestController.class.php on line 9 and defined D:\wamp\www\api\ThinkPHP\Library\Think\Controller.class.php 第 244 行.
NOTIC: [8] Undefined variable: data D:\wamp\www\api\ThinkPHP\Library\Think\Controller.class.php 第 252 行.
NOTIC: [8] Undefined variable: type D:\wamp\www\api\ThinkPHP\Library\Think\Controller.class.php 第 253 行.

[ 2016-09-19T17:58:45+08:00 ] 127.0.0.1 /api/Test/index
INFO: [ app_init ] --START--
INFO: Run Behavior\BuildLiteBehavior [ RunTime:0.000000s ]
INFO: [ app_init ] --END-- [ RunTime:0.001000s ]
INFO: [ app_begin ] --START--
INFO: Run Behavior\ReadHtmlCacheBehavior [ RunTime:0.001000s ]
INFO: [ app_begin ] --END-- [ RunTime:0.001000s ]
NOTIC: [2] Missing argument 3 for Think\Controller::apiError(), called in D:\wamp\www\api\Application\Home\Controller\TestController.class.php on line 9 and defined D:\wamp\www\api\ThinkPHP\Library\Think\Controller.class.php 第 263 行.
NOTIC: [8] Undefined variable: type D:\wamp\www\api\ThinkPHP\Library\Think\Controller.class.php 第 271 行.

