[ 2016-09-28T08:42:48+08:00 ] 127.0.0.1 /api/admin
INFO: [ app_init ] --START--
INFO: Run Behavior\BuildLiteBehavior [ RunTime:0.000000s ]
INFO: [ app_init ] --END-- [ RunTime:0.015001s ]
INFO: [ app_begin ] --START--
INFO: Run Behavior\ReadHtmlCacheBehavior [ RunTime:0.001000s ]
INFO: [ app_begin ] --END-- [ RunTime:0.002000s ]

[ 2016-09-28T08:42:48+08:00 ] 127.0.0.1 /api/index.php?s=/Admin/Login/index.html
INFO: [ app_init ] --START--
INFO: Run Behavior\BuildLiteBehavior [ RunTime:0.000000s ]
INFO: [ app_init ] --END-- [ RunTime:0.001000s ]
INFO: [ app_begin ] --START--
INFO: Run Behavior\ReadHtmlCacheBehavior [ RunTime:0.001001s ]
INFO: [ app_begin ] --END-- [ RunTime:0.001001s ]
SQL: SHOW COLUMNS FROM `app_manage` [ RunTime:0.0180s ]
INFO: [ view_parse ] --START--
INFO: [ template_filter ] --START--
INFO: Run Behavior\ContentReplaceBehavior [ RunTime:0.001000s ]
INFO: [ template_filter ] --END-- [ RunTime:0.001000s ]
INFO: Run Behavior\ParseTemplateBehavior [ RunTime:0.019001s ]
INFO: [ view_parse ] --END-- [ RunTime:0.020001s ]
INFO: [ view_filter ] --START--
INFO: Run Behavior\WriteHtmlCacheBehavior [ RunTime:0.001000s ]
INFO: [ view_filter ] --END-- [ RunTime:0.001000s ]
INFO: [ app_end ] --START--
INFO: Run Behavior\ShowPageTraceBehavior [ RunTime:0.002001s ]
INFO: [ app_end ] --END-- [ RunTime:0.002001s ]

[ 2016-09-28T08:42:52+08:00 ] 127.0.0.1 /api/index.php?s=/Admin/Login/index.html
INFO: [ app_init ] --START--
INFO: Run Behavior\BuildLiteBehavior [ RunTime:0.000000s ]
INFO: [ app_init ] --END-- [ RunTime:0.000000s ]
INFO: [ app_begin ] --START--
INFO: Run Behavior\ReadHtmlCacheBehavior [ RunTime:0.000000s ]
INFO: [ app_begin ] --END-- [ RunTime:0.001000s ]
SQL: SHOW COLUMNS FROM `app_manage` [ RunTime:0.0030s ]
NOTIC: [8] Undefined index: validate D:\wamp\www\api\ThinkPHP\Library\Think\Model.class.php 第 1185 行.
NOTIC: [8] Undefined index: auto D:\wamp\www\api\ThinkPHP\Library\Think\Model.class.php 第 1128 行.
SQL: SELECT * FROM `app_manage` WHERE `username` = 'admin' LIMIT 1   [ RunTime:0.0010s ]
INFO: [ view_parse ] --START--
INFO: [ template_filter ] --START--
INFO: Run Behavior\ContentReplaceBehavior [ RunTime:0.001000s ]
INFO: [ template_filter ] --END-- [ RunTime:0.001000s ]
INFO: Run Behavior\ParseTemplateBehavior [ RunTime:0.012000s ]
INFO: [ view_parse ] --END-- [ RunTime:0.012000s ]
INFO: [ view_filter ] --START--
INFO: Run Behavior\WriteHtmlCacheBehavior [ RunTime:0.000000s ]
INFO: [ view_filter ] --END-- [ RunTime:0.001000s ]
INFO: [ app_end ] --START--
INFO: Run Behavior\ShowPageTraceBehavior [ RunTime:0.000000s ]
INFO: [ app_end ] --END-- [ RunTime:0.000000s ]

[ 2016-09-28T08:42:54+08:00 ] 127.0.0.1 /api/index.php?s=/Admin/Index/index.html
INFO: [ app_init ] --START--
INFO: Run Behavior\BuildLiteBehavior [ RunTime:0.000000s ]
INFO: [ app_init ] --END-- [ RunTime:0.000000s ]
INFO: [ app_begin ] --START--
INFO: Run Behavior\ReadHtmlCacheBehavior [ RunTime:0.000000s ]
INFO: [ app_begin ] --END-- [ RunTime:0.001000s ]
SQL: SHOW COLUMNS FROM `app_group` [ RunTime:0.0100s ]
SQL: SHOW COLUMNS FROM `app_auth` [ RunTime:0.0180s ]
SQL: SHOW COLUMNS FROM `app_manage` [ RunTime:0.0030s ]
SQL: SHOW COLUMNS FROM `app_article` [ RunTime:0.0160s ]
SQL: SHOW COLUMNS FROM `app_adver` [ RunTime:0.0200s ]
SQL: SELECT `auth` FROM `app_group` WHERE `id` = 1 LIMIT 1   [ RunTime:0.0010s ]
SQL: SELECT * FROM `app_auth` WHERE `status` = 1 ORDER BY sort ASC  [ RunTime:0.0010s ]
NOTIC: [8] Undefined offset: 13 D:\wamp\www\api\Application\Admin\Model\AuthModel.class.php 第 57 行.
SQL: SHOW COLUMNS FROM `app_config` [ RunTime:0.0150s ]
SQL: SELECT * FROM `app_config` WHERE `conf_group` = 2  [ RunTime:0.0010s ]
SQL: SELECT `id`,`pid`,`url` FROM `app_auth` WHERE `url` = 'Index/index' LIMIT 1   [ RunTime:0.0010s ]
INFO: [ view_parse ] --START--
INFO: [ template_filter ] --START--
INFO: Run Behavior\ContentReplaceBehavior [ RunTime:0.000000s ]
INFO: [ template_filter ] --END-- [ RunTime:0.001000s ]
NOTIC: [8] Undefined variable: curAuth D:\wamp\www\api\Application\Runtime\Cache\Admin\085b574956cdc611cfedaace62cf4e64.php 第 51 行.
NOTIC: [8] Undefined variable: curAuth D:\wamp\www\api\Application\Runtime\Cache\Admin\085b574956cdc611cfedaace62cf4e64.php 第 54 行.
NOTIC: [8] Undefined variable: curAuth D:\wamp\www\api\Application\Runtime\Cache\Admin\085b574956cdc611cfedaace62cf4e64.php 第 51 行.
NOTIC: [8] Undefined variable: curAuth D:\wamp\www\api\Application\Runtime\Cache\Admin\085b574956cdc611cfedaace62cf4e64.php 第 54 行.
NOTIC: [8] Undefined variable: curAuth D:\wamp\www\api\Application\Runtime\Cache\Admin\085b574956cdc611cfedaace62cf4e64.php 第 54 行.
NOTIC: [8] Undefined variable: curAuth D:\wamp\www\api\Application\Runtime\Cache\Admin\085b574956cdc611cfedaace62cf4e64.php 第 51 行.
NOTIC: [8] Undefined variable: curAuth D:\wamp\www\api\Application\Runtime\Cache\Admin\085b574956cdc611cfedaace62cf4e64.php 第 54 行.
NOTIC: [8] Undefined variable: curAuth D:\wamp\www\api\Application\Runtime\Cache\Admin\085b574956cdc611cfedaace62cf4e64.php 第 54 行.
NOTIC: [8] Undefined variable: curAuth D:\wamp\www\api\Application\Runtime\Cache\Admin\085b574956cdc611cfedaace62cf4e64.php 第 51 行.
NOTIC: [8] Undefined variable: curAuth D:\wamp\www\api\Application\Runtime\Cache\Admin\085b574956cdc611cfedaace62cf4e64.php 第 54 行.
NOTIC: [8] Undefined variable: curAuth D:\wamp\www\api\Application\Runtime\Cache\Admin\085b574956cdc611cfedaace62cf4e64.php 第 54 行.
NOTIC: [8] Undefined variable: curAuth D:\wamp\www\api\Application\Runtime\Cache\Admin\085b574956cdc611cfedaace62cf4e64.php 第 51 行.
NOTIC: [8] Undefined variable: curAuth D:\wamp\www\api\Application\Runtime\Cache\Admin\085b574956cdc611cfedaace62cf4e64.php 第 54 行.
NOTIC: [8] Undefined variable: curAuth D:\wamp\www\api\Application\Runtime\Cache\Admin\085b574956cdc611cfedaace62cf4e64.php 第 54 行.
NOTIC: [8] Undefined variable: curAuth D:\wamp\www\api\Application\Runtime\Cache\Admin\085b574956cdc611cfedaace62cf4e64.php 第 54 行.
NOTIC: [8] Undefined variable: curAuth D:\wamp\www\api\Application\Runtime\Cache\Admin\085b574956cdc611cfedaace62cf4e64.php 第 54 行.
NOTIC: [8] Undefined variable: curAuth D:\wamp\www\api\Application\Runtime\Cache\Admin\085b574956cdc611cfedaace62cf4e64.php 第 51 行.
NOTIC: [8] Undefined variable: curAuth D:\wamp\www\api\Application\Runtime\Cache\Admin\085b574956cdc611cfedaace62cf4e64.php 第 54 行.
NOTIC: [8] Undefined variable: curAuth D:\wamp\www\api\Application\Runtime\Cache\Admin\085b574956cdc611cfedaace62cf4e64.php 第 54 行.
NOTIC: [8] Undefined variable: curAuth D:\wamp\www\api\Application\Runtime\Cache\Admin\085b574956cdc611cfedaace62cf4e64.php 第 51 行.
NOTIC: [8] Undefined variable: curAuth D:\wamp\www\api\Application\Runtime\Cache\Admin\085b574956cdc611cfedaace62cf4e64.php 第 54 行.
NOTIC: [8] Undefined variable: curAuth D:\wamp\www\api\Application\Runtime\Cache\Admin\085b574956cdc611cfedaace62cf4e64.php 第 54 行.
NOTIC: [8] Undefined variable: curAuth D:\wamp\www\api\Application\Runtime\Cache\Admin\085b574956cdc611cfedaace62cf4e64.php 第 54 行.
NOTIC: [8] Undefined variable: curAuth D:\wamp\www\api\Application\Runtime\Cache\Admin\085b574956cdc611cfedaace62cf4e64.php 第 54 行.
NOTIC: [8] Undefined variable: curAuth D:\wamp\www\api\Application\Runtime\Cache\Admin\085b574956cdc611cfedaace62cf4e64.php 第 51 行.
NOTIC: [8] Undefined variable: curAuth D:\wamp\www\api\Application\Runtime\Cache\Admin\085b574956cdc611cfedaace62cf4e64.php 第 54 行.
NOTIC: [8] Undefined variable: curAuth D:\wamp\www\api\Application\Runtime\Cache\Admin\085b574956cdc611cfedaace62cf4e64.php 第 54 行.
NOTIC: [8] Undefined variable: curAuth D:\wamp\www\api\Application\Runtime\Cache\Admin\085b574956cdc611cfedaace62cf4e64.php 第 51 行.
NOTIC: [8] Undefined variable: curAuth D:\wamp\www\api\Application\Runtime\Cache\Admin\085b574956cdc611cfedaace62cf4e64.php 第 54 行.
NOTIC: [8] Undefined variable: curAuth D:\wamp\www\api\Application\Runtime\Cache\Admin\085b574956cdc611cfedaace62cf4e64.php 第 54 行.
NOTIC: [8] Undefined variable: curAuth D:\wamp\www\api\Application\Runtime\Cache\Admin\085b574956cdc611cfedaace62cf4e64.php 第 51 行.
NOTIC: [8] Undefined variable: curAuth D:\wamp\www\api\Application\Runtime\Cache\Admin\085b574956cdc611cfedaace62cf4e64.php 第 54 行.
NOTIC: [8] Undefined variable: curAuth D:\wamp\www\api\Application\Runtime\Cache\Admin\085b574956cdc611cfedaace62cf4e64.php 第 54 行.
NOTIC: [8] Undefined variable: curAuth D:\wamp\www\api\Application\Runtime\Cache\Admin\085b574956cdc611cfedaace62cf4e64.php 第 51 行.
NOTIC: [8] Undefined variable: curAuth D:\wamp\www\api\Application\Runtime\Cache\Admin\085b574956cdc611cfedaace62cf4e64.php 第 54 行.
NOTIC: [8] Undefined variable: curAuth D:\wamp\www\api\Application\Runtime\Cache\Admin\085b574956cdc611cfedaace62cf4e64.php 第 54 行.
NOTIC: [8] Undefined variable: curAuth D:\wamp\www\api\Application\Runtime\Cache\Admin\085b574956cdc611cfedaace62cf4e64.php 第 51 行.
NOTIC: [8] Undefined variable: curAuth D:\wamp\www\api\Application\Runtime\Cache\Admin\085b574956cdc611cfedaace62cf4e64.php 第 54 行.
NOTIC: [8] Undefined variable: curAuth D:\wamp\www\api\Application\Runtime\Cache\Admin\085b574956cdc611cfedaace62cf4e64.php 第 54 行.
NOTIC: [8] Undefined variable: curAuth D:\wamp\www\api\Application\Runtime\Cache\Admin\085b574956cdc611cfedaace62cf4e64.php 第 51 行.
NOTIC: [8] Undefined variable: curAuth D:\wamp\www\api\Application\Runtime\Cache\Admin\085b574956cdc611cfedaace62cf4e64.php 第 54 行.
NOTIC: [8] Undefined variable: curAuth D:\wamp\www\api\Application\Runtime\Cache\Admin\085b574956cdc611cfedaace62cf4e64.php 第 54 行.
INFO: Run Behavior\ParseTemplateBehavior [ RunTime:0.029001s ]
INFO: [ view_parse ] --END-- [ RunTime:0.029001s ]
INFO: [ view_filter ] --START--
INFO: Run Behavior\WriteHtmlCacheBehavior [ RunTime:0.000000s ]
INFO: [ view_filter ] --END-- [ RunTime:0.000000s ]
INFO: [ app_end ] --START--
INFO: Run Behavior\ShowPageTraceBehavior [ RunTime:0.000000s ]
INFO: [ app_end ] --END-- [ RunTime:0.000000s ]

[ 2016-09-28T08:50:32+08:00 ] 127.0.0.1 /api/index.php?s=/Admin/AdverType/index
INFO: [ app_init ] --START--
INFO: Run Behavior\BuildLiteBehavior [ RunTime:0.000000s ]
INFO: [ app_init ] --END-- [ RunTime:0.001000s ]
INFO: [ app_begin ] --START--
INFO: Run Behavior\ReadHtmlCacheBehavior [ RunTime:0.002001s ]
INFO: [ app_begin ] --END-- [ RunTime:0.002001s ]
SQL: SHOW COLUMNS FROM `app_group` [ RunTime:0.0040s ]
SQL: SHOW COLUMNS FROM `app_auth` [ RunTime:0.0040s ]
SQL: SHOW COLUMNS FROM `app_manage` [ RunTime:0.0040s ]
SQL: SHOW COLUMNS FROM `app_article` [ RunTime:0.0030s ]
SQL: SHOW COLUMNS FROM `app_adver` [ RunTime:0.0020s ]
SQL: SELECT `auth` FROM `app_group` WHERE `id` = 1 LIMIT 1   [ RunTime:0.0000s ]
SQL: SELECT * FROM `app_auth` WHERE `status` = 1 ORDER BY sort ASC  [ RunTime:0.0010s ]
NOTIC: [8] Undefined offset: 13 D:\wamp\www\api\Application\Admin\Model\AuthModel.class.php 第 57 行.
SQL: SHOW COLUMNS FROM `app_config` [ RunTime:0.0020s ]
SQL: SELECT * FROM `app_config` WHERE `conf_group` = 2  [ RunTime:0.0010s ]
SQL: SELECT `id`,`pid`,`url` FROM `app_auth` WHERE `url` = 'AdverType/index' LIMIT 1   [ RunTime:0.0010s ]
SQL: SHOW COLUMNS FROM `app_adver_type` [ RunTime:0.0250s ]
SQL: SELECT * FROM `app_adver_type`  [ RunTime:0.0000s ]
INFO: [ view_parse ] --START--
INFO: [ template_filter ] --START--
INFO: Run Behavior\ContentReplaceBehavior [ RunTime:0.000000s ]
INFO: [ template_filter ] --END-- [ RunTime:0.001000s ]
NOTIC: [8] Undefined variable: page D:\wamp\www\api\Application\Runtime\Cache\Admin\407b904acb90606c910b4c13662da8e2.php 第 98 行.
INFO: Run Behavior\ParseTemplateBehavior [ RunTime:0.061004s ]
INFO: [ view_parse ] --END-- [ RunTime:0.061004s ]
INFO: [ view_filter ] --START--
INFO: Run Behavior\WriteHtmlCacheBehavior [ RunTime:0.001000s ]
INFO: [ view_filter ] --END-- [ RunTime:0.001000s ]
INFO: [ app_end ] --START--
INFO: Run Behavior\ShowPageTraceBehavior [ RunTime:0.002000s ]
INFO: [ app_end ] --END-- [ RunTime:0.002000s ]

[ 2016-09-28T08:50:35+08:00 ] 127.0.0.1 /api/index.php?s=/Admin/AdverType/edit/id/1
INFO: [ app_init ] --START--
INFO: Run Behavior\BuildLiteBehavior [ RunTime:0.000000s ]
INFO: [ app_init ] --END-- [ RunTime:0.001000s ]
INFO: [ app_begin ] --START--
INFO: Run Behavior\ReadHtmlCacheBehavior [ RunTime:0.001000s ]
INFO: [ app_begin ] --END-- [ RunTime:0.001000s ]
SQL: SHOW COLUMNS FROM `app_group` [ RunTime:0.0030s ]
SQL: SHOW COLUMNS FROM `app_auth` [ RunTime:0.0030s ]
SQL: SHOW COLUMNS FROM `app_manage` [ RunTime:0.0030s ]
SQL: SHOW COLUMNS FROM `app_article` [ RunTime:0.0030s ]
SQL: SHOW COLUMNS FROM `app_adver` [ RunTime:0.0030s ]
SQL: SELECT `auth` FROM `app_group` WHERE `id` = 1 LIMIT 1   [ RunTime:0.0010s ]
SQL: SELECT * FROM `app_auth` WHERE `status` = 1 ORDER BY sort ASC  [ RunTime:0.0010s ]
NOTIC: [8] Undefined offset: 13 D:\wamp\www\api\Application\Admin\Model\AuthModel.class.php 第 57 行.
SQL: SHOW COLUMNS FROM `app_config` [ RunTime:0.0020s ]
SQL: SELECT * FROM `app_config` WHERE `conf_group` = 2  [ RunTime:0.0010s ]
SQL: SELECT `id`,`pid`,`url` FROM `app_auth` WHERE `url` = 'AdverType/edit' LIMIT 1   [ RunTime:0.0010s ]
SQL: SHOW COLUMNS FROM `app_adver_type` [ RunTime:0.0030s ]
SQL: SELECT * FROM `app_adver_type` WHERE `id` = 1 LIMIT 1   [ RunTime:0.0000s ]
INFO: [ view_parse ] --START--
INFO: [ template_filter ] --START--
INFO: Run Behavior\ContentReplaceBehavior [ RunTime:0.000000s ]
INFO: [ template_filter ] --END-- [ RunTime:0.000000s ]
INFO: Run Behavior\ParseTemplateBehavior [ RunTime:0.035002s ]
INFO: [ view_parse ] --END-- [ RunTime:0.035002s ]
INFO: [ view_filter ] --START--
INFO: Run Behavior\WriteHtmlCacheBehavior [ RunTime:0.001000s ]
INFO: [ view_filter ] --END-- [ RunTime:0.001000s ]
INFO: [ app_end ] --START--
INFO: Run Behavior\ShowPageTraceBehavior [ RunTime:0.001000s ]
INFO: [ app_end ] --END-- [ RunTime:0.001000s ]

[ 2016-09-28T08:50:39+08:00 ] 127.0.0.1 /api/index.php?s=/Admin/AdverType/index
INFO: [ app_init ] --START--
INFO: Run Behavior\BuildLiteBehavior [ RunTime:0.000000s ]
INFO: [ app_init ] --END-- [ RunTime:0.001000s ]
INFO: [ app_begin ] --START--
INFO: Run Behavior\ReadHtmlCacheBehavior [ RunTime:0.000000s ]
INFO: [ app_begin ] --END-- [ RunTime:0.001000s ]
SQL: SHOW COLUMNS FROM `app_group` [ RunTime:0.0020s ]
SQL: SHOW COLUMNS FROM `app_auth` [ RunTime:0.0020s ]
SQL: SHOW COLUMNS FROM `app_manage` [ RunTime:0.0020s ]
SQL: SHOW COLUMNS FROM `app_article` [ RunTime:0.0020s ]
SQL: SHOW COLUMNS FROM `app_adver` [ RunTime:0.0020s ]
SQL: SELECT `auth` FROM `app_group` WHERE `id` = 1 LIMIT 1   [ RunTime:0.0000s ]
SQL: SELECT * FROM `app_auth` WHERE `status` = 1 ORDER BY sort ASC  [ RunTime:0.0000s ]
NOTIC: [8] Undefined offset: 13 D:\wamp\www\api\Application\Admin\Model\AuthModel.class.php 第 57 行.
SQL: SHOW COLUMNS FROM `app_config` [ RunTime:0.0020s ]
SQL: SELECT * FROM `app_config` WHERE `conf_group` = 2  [ RunTime:0.0010s ]
SQL: SELECT `id`,`pid`,`url` FROM `app_auth` WHERE `url` = 'AdverType/index' LIMIT 1   [ RunTime:0.0010s ]
SQL: SHOW COLUMNS FROM `app_adver_type` [ RunTime:0.0020s ]
SQL: SELECT * FROM `app_adver_type`  [ RunTime:0.0000s ]
INFO: [ view_parse ] --START--
INFO: [ template_filter ] --START--
INFO: Run Behavior\ContentReplaceBehavior [ RunTime:0.000000s ]
INFO: [ template_filter ] --END-- [ RunTime:0.000000s ]
NOTIC: [8] Undefined variable: page D:\wamp\www\api\Application\Runtime\Cache\Admin\407b904acb90606c910b4c13662da8e2.php 第 98 行.
INFO: Run Behavior\ParseTemplateBehavior [ RunTime:0.016000s ]
INFO: [ view_parse ] --END-- [ RunTime:0.017001s ]
INFO: [ view_filter ] --START--
INFO: Run Behavior\WriteHtmlCacheBehavior [ RunTime:0.001001s ]
INFO: [ view_filter ] --END-- [ RunTime:0.001001s ]
INFO: [ app_end ] --START--
INFO: Run Behavior\ShowPageTraceBehavior [ RunTime:0.001000s ]
INFO: [ app_end ] --END-- [ RunTime:0.001000s ]

[ 2016-09-28T08:50:41+08:00 ] 127.0.0.1 /api/index.php?s=/Admin/Adver/index
INFO: [ app_init ] --START--
INFO: Run Behavior\BuildLiteBehavior [ RunTime:0.000000s ]
INFO: [ app_init ] --END-- [ RunTime:0.001000s ]
INFO: [ app_begin ] --START--
INFO: Run Behavior\ReadHtmlCacheBehavior [ RunTime:0.001000s ]
INFO: [ app_begin ] --END-- [ RunTime:0.001000s ]
SQL: SHOW COLUMNS FROM `app_group` [ RunTime:0.0020s ]
SQL: SHOW COLUMNS FROM `app_auth` [ RunTime:0.0030s ]
SQL: SHOW COLUMNS FROM `app_manage` [ RunTime:0.0020s ]
SQL: SHOW COLUMNS FROM `app_article` [ RunTime:0.0020s ]
SQL: SHOW COLUMNS FROM `app_adver` [ RunTime:0.0030s ]
SQL: SELECT `auth` FROM `app_group` WHERE `id` = 1 LIMIT 1   [ RunTime:0.0000s ]
SQL: SELECT * FROM `app_auth` WHERE `status` = 1 ORDER BY sort ASC  [ RunTime:0.0010s ]
NOTIC: [8] Undefined offset: 13 D:\wamp\www\api\Application\Admin\Model\AuthModel.class.php 第 57 行.
SQL: SHOW COLUMNS FROM `app_config` [ RunTime:0.0020s ]
SQL: SELECT * FROM `app_config` WHERE `conf_group` = 2  [ RunTime:0.0000s ]
SQL: SELECT `id`,`pid`,`url` FROM `app_auth` WHERE `url` = 'Adver/index' LIMIT 1   [ RunTime:0.0000s ]
SQL: SHOW COLUMNS FROM `app_adver_type` [ RunTime:0.0020s ]
SQL: SELECT COUNT(*) AS tp_count FROM `app_adver` LIMIT 1   [ RunTime:0.0000s ]
SQL: SELECT a.id,a.title,a.thumb,a.url,a.status,a.date,b.name as typename FROM app_adver a INNER JOIN app_adver_type as b ON a.type=b.id  ORDER BY date DESC LIMIT 0,20   [ RunTime:0.0010s ]
INFO: [ view_parse ] --START--
INFO: [ template_filter ] --START--
INFO: Run Behavior\ContentReplaceBehavior [ RunTime:0.000000s ]
INFO: [ template_filter ] --END-- [ RunTime:0.000000s ]
INFO: Run Behavior\ParseTemplateBehavior [ RunTime:0.018001s ]
INFO: [ view_parse ] --END-- [ RunTime:0.018001s ]
INFO: [ view_filter ] --START--
INFO: Run Behavior\WriteHtmlCacheBehavior [ RunTime:0.000000s ]
INFO: [ view_filter ] --END-- [ RunTime:0.000000s ]
INFO: [ app_end ] --START--
INFO: Run Behavior\ShowPageTraceBehavior [ RunTime:0.001000s ]
INFO: [ app_end ] --END-- [ RunTime:0.001000s ]

[ 2016-09-28T08:50:43+08:00 ] 127.0.0.1 /api/index.php?s=/Admin/Adver/edit/id/1
INFO: [ app_init ] --START--
INFO: Run Behavior\BuildLiteBehavior [ RunTime:0.000000s ]
INFO: [ app_init ] --END-- [ RunTime:0.001000s ]
INFO: [ app_begin ] --START--
INFO: Run Behavior\ReadHtmlCacheBehavior [ RunTime:0.001000s ]
INFO: [ app_begin ] --END-- [ RunTime:0.001000s ]
SQL: SHOW COLUMNS FROM `app_group` [ RunTime:0.0030s ]
SQL: SHOW COLUMNS FROM `app_auth` [ RunTime:0.0030s ]
SQL: SHOW COLUMNS FROM `app_manage` [ RunTime:0.0040s ]
SQL: SHOW COLUMNS FROM `app_article` [ RunTime:0.0040s ]
SQL: SHOW COLUMNS FROM `app_adver` [ RunTime:0.0030s ]
SQL: SELECT `auth` FROM `app_group` WHERE `id` = 1 LIMIT 1   [ RunTime:0.0000s ]
SQL: SELECT * FROM `app_auth` WHERE `status` = 1 ORDER BY sort ASC  [ RunTime:0.0010s ]
NOTIC: [8] Undefined offset: 13 D:\wamp\www\api\Application\Admin\Model\AuthModel.class.php 第 57 行.
SQL: SHOW COLUMNS FROM `app_config` [ RunTime:0.0040s ]
SQL: SELECT * FROM `app_config` WHERE `conf_group` = 2  [ RunTime:0.0000s ]
SQL: SELECT `id`,`pid`,`url` FROM `app_auth` WHERE `url` = 'Adver/edit' LIMIT 1   [ RunTime:0.0000s ]
SQL: SHOW COLUMNS FROM `app_adver_type` [ RunTime:0.0040s ]
SQL: SELECT * FROM `app_adver` WHERE `id` = 1 LIMIT 1   [ RunTime:0.0000s ]
SQL: SELECT * FROM `app_adver_type` WHERE `status` = 1  [ RunTime:0.0000s ]
INFO: [ view_parse ] --START--
INFO: [ template_filter ] --START--
INFO: Run Behavior\ContentReplaceBehavior [ RunTime:0.001000s ]
INFO: [ template_filter ] --END-- [ RunTime:0.001000s ]
NOTIC: [8] Undefined index: typename D:\wamp\www\api\Application\Runtime\Cache\Admin\c478bd8a2461147e43d379cb91ced20e.php 第 76 行.
INFO: Run Behavior\ParseTemplateBehavior [ RunTime:0.025002s ]
INFO: [ view_parse ] --END-- [ RunTime:0.025002s ]
INFO: [ view_filter ] --START--
INFO: Run Behavior\WriteHtmlCacheBehavior [ RunTime:0.001000s ]
INFO: [ view_filter ] --END-- [ RunTime:0.001000s ]
INFO: [ app_end ] --START--
INFO: Run Behavior\ShowPageTraceBehavior [ RunTime:0.001000s ]
INFO: [ app_end ] --END-- [ RunTime:0.001000s ]

[ 2016-09-28T08:50:43+08:00 ] 127.0.0.1 /api/index.php?s=/Admin/AdverType/getAdverTypeInfo
INFO: [ app_init ] --START--
INFO: Run Behavior\BuildLiteBehavior [ RunTime:0.000000s ]
INFO: [ app_init ] --END-- [ RunTime:0.000000s ]
INFO: [ app_begin ] --START--
INFO: Run Behavior\ReadHtmlCacheBehavior [ RunTime:0.000000s ]
INFO: [ app_begin ] --END-- [ RunTime:0.000000s ]
SQL: SHOW COLUMNS FROM `app_group` [ RunTime:0.0020s ]
SQL: SHOW COLUMNS FROM `app_auth` [ RunTime:0.0020s ]
SQL: SHOW COLUMNS FROM `app_manage` [ RunTime:0.0020s ]
SQL: SHOW COLUMNS FROM `app_article` [ RunTime:0.0020s ]
SQL: SHOW COLUMNS FROM `app_adver` [ RunTime:0.0020s ]
SQL: SELECT `auth` FROM `app_group` WHERE `id` = 1 LIMIT 1   [ RunTime:0.0000s ]
SQL: SELECT * FROM `app_auth` WHERE `status` = 1 ORDER BY sort ASC  [ RunTime:0.0000s ]
NOTIC: [8] Undefined offset: 13 D:\wamp\www\api\Application\Admin\Model\AuthModel.class.php 第 57 行.
SQL: SHOW COLUMNS FROM `app_config` [ RunTime:0.0020s ]
SQL: SELECT * FROM `app_config` WHERE `conf_group` = 2  [ RunTime:0.0000s ]
SQL: SELECT `id`,`pid`,`url` FROM `app_auth` WHERE `url` = 'AdverType/getAdverTypeInfo' LIMIT 1   [ RunTime:0.0010s ]
SQL: SHOW COLUMNS FROM `app_adver_type` [ RunTime:0.0020s ]
SQL: SELECT * FROM `app_adver_type` WHERE `id` = 0 LIMIT 1   [ RunTime:0.0000s ]

[ 2016-09-28T08:50:50+08:00 ] 127.0.0.1 /api/index.php?s=/Admin/Adver/index
INFO: [ app_init ] --START--
INFO: Run Behavior\BuildLiteBehavior [ RunTime:0.000000s ]
INFO: [ app_init ] --END-- [ RunTime:0.002001s ]
INFO: [ app_begin ] --START--
INFO: Run Behavior\ReadHtmlCacheBehavior [ RunTime:0.001000s ]
INFO: [ app_begin ] --END-- [ RunTime:0.002000s ]
SQL: SHOW COLUMNS FROM `app_group` [ RunTime:0.0040s ]
SQL: SHOW COLUMNS FROM `app_auth` [ RunTime:0.0040s ]
SQL: SHOW COLUMNS FROM `app_manage` [ RunTime:0.0040s ]
SQL: SHOW COLUMNS FROM `app_article` [ RunTime:0.0040s ]
SQL: SHOW COLUMNS FROM `app_adver` [ RunTime:0.0040s ]
SQL: SELECT `auth` FROM `app_group` WHERE `id` = 1 LIMIT 1   [ RunTime:0.0010s ]
SQL: SELECT * FROM `app_auth` WHERE `status` = 1 ORDER BY sort ASC  [ RunTime:0.0000s ]
NOTIC: [8] Undefined offset: 13 D:\wamp\www\api\Application\Admin\Model\AuthModel.class.php 第 57 行.
SQL: SHOW COLUMNS FROM `app_config` [ RunTime:0.0030s ]
SQL: SELECT * FROM `app_config` WHERE `conf_group` = 2  [ RunTime:0.0010s ]
SQL: SELECT `id`,`pid`,`url` FROM `app_auth` WHERE `url` = 'Adver/index' LIMIT 1   [ RunTime:0.0000s ]
SQL: SHOW COLUMNS FROM `app_adver_type` [ RunTime:0.0030s ]
SQL: SELECT COUNT(*) AS tp_count FROM `app_adver` LIMIT 1   [ RunTime:0.0010s ]
SQL: SELECT a.id,a.title,a.thumb,a.url,a.status,a.date,b.name as typename FROM app_adver a INNER JOIN app_adver_type as b ON a.type=b.id  ORDER BY date DESC LIMIT 0,20   [ RunTime:0.0010s ]
INFO: [ view_parse ] --START--
INFO: [ template_filter ] --START--
INFO: Run Behavior\ContentReplaceBehavior [ RunTime:0.000000s ]
INFO: [ template_filter ] --END-- [ RunTime:0.001000s ]
INFO: Run Behavior\ParseTemplateBehavior [ RunTime:0.029002s ]
INFO: [ view_parse ] --END-- [ RunTime:0.030002s ]
INFO: [ view_filter ] --START--
INFO: Run Behavior\WriteHtmlCacheBehavior [ RunTime:0.001000s ]
INFO: [ view_filter ] --END-- [ RunTime:0.001000s ]
INFO: [ app_end ] --START--
INFO: Run Behavior\ShowPageTraceBehavior [ RunTime:0.001000s ]
INFO: [ app_end ] --END-- [ RunTime:0.001000s ]

[ 2016-09-28T09:02:38+08:00 ] 127.0.0.1 /api/index.php?s=/Admin/Adver/edit/id/1
INFO: [ app_init ] --START--
INFO: Run Behavior\BuildLiteBehavior [ RunTime:0.000000s ]
INFO: [ app_init ] --END-- [ RunTime:0.001000s ]
INFO: [ app_begin ] --START--
INFO: Run Behavior\ReadHtmlCacheBehavior [ RunTime:0.001000s ]
INFO: [ app_begin ] --END-- [ RunTime:0.001000s ]
SQL: SHOW COLUMNS FROM `app_group` [ RunTime:0.0030s ]
SQL: SHOW COLUMNS FROM `app_auth` [ RunTime:0.0030s ]
SQL: SHOW COLUMNS FROM `app_manage` [ RunTime:0.0030s ]
SQL: SHOW COLUMNS FROM `app_article` [ RunTime:0.0040s ]
SQL: SHOW COLUMNS FROM `app_adver` [ RunTime:0.0030s ]
SQL: SELECT `auth` FROM `app_group` WHERE `id` = 1 LIMIT 1   [ RunTime:0.0000s ]
SQL: SELECT * FROM `app_auth` WHERE `status` = 1 ORDER BY sort ASC  [ RunTime:0.0010s ]
NOTIC: [8] Undefined offset: 13 D:\wamp\www\api\Application\Admin\Model\AuthModel.class.php 第 57 行.
SQL: SHOW COLUMNS FROM `app_config` [ RunTime:0.0030s ]
SQL: SELECT * FROM `app_config` WHERE `conf_group` = 2  [ RunTime:0.0000s ]
SQL: SELECT `id`,`pid`,`url` FROM `app_auth` WHERE `url` = 'Adver/edit' LIMIT 1   [ RunTime:0.0010s ]
SQL: SHOW COLUMNS FROM `app_adver_type` [ RunTime:0.0020s ]
SQL: SELECT * FROM `app_adver` WHERE `id` = 1 LIMIT 1   [ RunTime:0.0010s ]
SQL: SELECT * FROM `app_adver_type` WHERE `status` = 1  [ RunTime:0.0010s ]
INFO: [ view_parse ] --START--
INFO: [ template_filter ] --START--
INFO: Run Behavior\ContentReplaceBehavior [ RunTime:0.000000s ]
INFO: [ template_filter ] --END-- [ RunTime:0.001000s ]
NOTIC: [8] Undefined index: typename D:\wamp\www\api\Application\Runtime\Cache\Admin\c478bd8a2461147e43d379cb91ced20e.php 第 76 行.
INFO: Run Behavior\ParseTemplateBehavior [ RunTime:0.023001s ]
INFO: [ view_parse ] --END-- [ RunTime:0.024001s ]
INFO: [ view_filter ] --START--
INFO: Run Behavior\WriteHtmlCacheBehavior [ RunTime:0.000000s ]
INFO: [ view_filter ] --END-- [ RunTime:0.000000s ]
INFO: [ app_end ] --START--
INFO: Run Behavior\ShowPageTraceBehavior [ RunTime:0.000000s ]
INFO: [ app_end ] --END-- [ RunTime:0.001000s ]

[ 2016-09-28T09:02:38+08:00 ] 127.0.0.1 /api/index.php?s=/Admin/AdverType/getAdverTypeInfo
INFO: [ app_init ] --START--
INFO: Run Behavior\BuildLiteBehavior [ RunTime:0.000000s ]
INFO: [ app_init ] --END-- [ RunTime:0.000000s ]
INFO: [ app_begin ] --START--
INFO: Run Behavior\ReadHtmlCacheBehavior [ RunTime:0.001000s ]
INFO: [ app_begin ] --END-- [ RunTime:0.001000s ]
SQL: SHOW COLUMNS FROM `app_group` [ RunTime:0.0020s ]
SQL: SHOW COLUMNS FROM `app_auth` [ RunTime:0.0020s ]
SQL: SHOW COLUMNS FROM `app_manage` [ RunTime:0.0020s ]
SQL: SHOW COLUMNS FROM `app_article` [ RunTime:0.0020s ]
SQL: SHOW COLUMNS FROM `app_adver` [ RunTime:0.0020s ]
SQL: SELECT `auth` FROM `app_group` WHERE `id` = 1 LIMIT 1   [ RunTime:0.0000s ]
SQL: SELECT * FROM `app_auth` WHERE `status` = 1 ORDER BY sort ASC  [ RunTime:0.0000s ]
NOTIC: [8] Undefined offset: 13 D:\wamp\www\api\Application\Admin\Model\AuthModel.class.php 第 57 行.
SQL: SHOW COLUMNS FROM `app_config` [ RunTime:0.0020s ]
SQL: SELECT * FROM `app_config` WHERE `conf_group` = 2  [ RunTime:0.0000s ]
SQL: SELECT `id`,`pid`,`url` FROM `app_auth` WHERE `url` = 'AdverType/getAdverTypeInfo' LIMIT 1   [ RunTime:0.0010s ]
SQL: SHOW COLUMNS FROM `app_adver_type` [ RunTime:0.0020s ]
SQL: SELECT * FROM `app_adver_type` WHERE `id` = 0 LIMIT 1   [ RunTime:0.0000s ]

[ 2016-09-28T09:03:18+08:00 ] 127.0.0.1 /api/index.php?s=/Admin/Adver/edit/id/1
INFO: [ app_init ] --START--
INFO: Run Behavior\BuildLiteBehavior [ RunTime:0.000000s ]
INFO: [ app_init ] --END-- [ RunTime:0.001000s ]
INFO: [ app_begin ] --START--
INFO: Run Behavior\ReadHtmlCacheBehavior [ RunTime:0.001000s ]
INFO: [ app_begin ] --END-- [ RunTime:0.001000s ]
SQL: SHOW COLUMNS FROM `app_group` [ RunTime:0.0020s ]
SQL: SHOW COLUMNS FROM `app_auth` [ RunTime:0.0020s ]
SQL: SHOW COLUMNS FROM `app_manage` [ RunTime:0.0020s ]
SQL: SHOW COLUMNS FROM `app_article` [ RunTime:0.0020s ]
SQL: SHOW COLUMNS FROM `app_adver` [ RunTime:0.0020s ]
SQL: SELECT `auth` FROM `app_group` WHERE `id` = 1 LIMIT 1   [ RunTime:0.0000s ]
SQL: SELECT * FROM `app_auth` WHERE `status` = 1 ORDER BY sort ASC  [ RunTime:0.0000s ]
NOTIC: [8] Undefined offset: 13 D:\wamp\www\api\Application\Admin\Model\AuthModel.class.php 第 57 行.
SQL: SHOW COLUMNS FROM `app_config` [ RunTime:0.0020s ]
SQL: SELECT * FROM `app_config` WHERE `conf_group` = 2  [ RunTime:0.0000s ]
SQL: SELECT `id`,`pid`,`url` FROM `app_auth` WHERE `url` = 'Adver/edit' LIMIT 1   [ RunTime:0.0010s ]
SQL: SHOW COLUMNS FROM `app_adver_type` [ RunTime:0.0020s ]
SQL: SELECT * FROM `app_adver` WHERE `id` = 1 LIMIT 1   [ RunTime:0.0000s ]
SQL: SELECT * FROM `app_adver_type` WHERE `status` = 1  [ RunTime:0.0000s ]
INFO: [ view_parse ] --START--
INFO: [ template_filter ] --START--
INFO: Run Behavior\ContentReplaceBehavior [ RunTime:0.000000s ]
INFO: [ template_filter ] --END-- [ RunTime:0.000000s ]
NOTIC: [8] Undefined index: typename D:\wamp\www\api\Application\Runtime\Cache\Admin\c478bd8a2461147e43d379cb91ced20e.php 第 76 行.
INFO: Run Behavior\ParseTemplateBehavior [ RunTime:0.017001s ]
INFO: [ view_parse ] --END-- [ RunTime:0.017001s ]
INFO: [ view_filter ] --START--
INFO: Run Behavior\WriteHtmlCacheBehavior [ RunTime:0.001000s ]
INFO: [ view_filter ] --END-- [ RunTime:0.001000s ]
INFO: [ app_end ] --START--
INFO: Run Behavior\ShowPageTraceBehavior [ RunTime:0.001000s ]
INFO: [ app_end ] --END-- [ RunTime:0.001000s ]

[ 2016-09-28T09:03:18+08:00 ] 127.0.0.1 /api/index.php?s=/Admin/AdverType/getAdverTypeInfo
INFO: [ app_init ] --START--
INFO: Run Behavior\BuildLiteBehavior [ RunTime:0.000000s ]
INFO: [ app_init ] --END-- [ RunTime:0.000000s ]
INFO: [ app_begin ] --START--
INFO: Run Behavior\ReadHtmlCacheBehavior [ RunTime:0.000000s ]
INFO: [ app_begin ] --END-- [ RunTime:0.000000s ]
SQL: SHOW COLUMNS FROM `app_group` [ RunTime:0.0020s ]
SQL: SHOW COLUMNS FROM `app_auth` [ RunTime:0.0020s ]
SQL: SHOW COLUMNS FROM `app_manage` [ RunTime:0.0020s ]
SQL: SHOW COLUMNS FROM `app_article` [ RunTime:0.0020s ]
SQL: SHOW COLUMNS FROM `app_adver` [ RunTime:0.0020s ]
SQL: SELECT `auth` FROM `app_group` WHERE `id` = 1 LIMIT 1   [ RunTime:0.0000s ]
SQL: SELECT * FROM `app_auth` WHERE `status` = 1 ORDER BY sort ASC  [ RunTime:0.0000s ]
NOTIC: [8] Undefined offset: 13 D:\wamp\www\api\Application\Admin\Model\AuthModel.class.php 第 57 行.
SQL: SHOW COLUMNS FROM `app_config` [ RunTime:0.0020s ]
SQL: SELECT * FROM `app_config` WHERE `conf_group` = 2  [ RunTime:0.0010s ]
SQL: SELECT `id`,`pid`,`url` FROM `app_auth` WHERE `url` = 'AdverType/getAdverTypeInfo' LIMIT 1   [ RunTime:0.0000s ]
SQL: SHOW COLUMNS FROM `app_adver_type` [ RunTime:0.0020s ]
SQL: SELECT * FROM `app_adver_type` WHERE `id` = 1 LIMIT 1   [ RunTime:0.0000s ]

[ 2016-09-28T09:03:48+08:00 ] 127.0.0.1 /api/index.php?s=/Admin/Adver/edit/id/1
INFO: [ app_init ] --START--
INFO: Run Behavior\BuildLiteBehavior [ RunTime:0.000000s ]
INFO: [ app_init ] --END-- [ RunTime:0.000000s ]
INFO: [ app_begin ] --START--
INFO: Run Behavior\ReadHtmlCacheBehavior [ RunTime:0.000000s ]
INFO: [ app_begin ] --END-- [ RunTime:0.000000s ]
SQL: SHOW COLUMNS FROM `app_group` [ RunTime:0.0000s ]
SQL: SHOW COLUMNS FROM `app_auth` [ RunTime:0.0000s ]
SQL: SHOW COLUMNS FROM `app_manage` [ RunTime:0.0000s ]
SQL: SHOW COLUMNS FROM `app_article` [ RunTime:0.0000s ]
SQL: SHOW COLUMNS FROM `app_adver` [ RunTime:0.0000s ]
SQL: SELECT `auth` FROM `app_group` WHERE `id` = 1 LIMIT 1   [ RunTime:0.0000s ]
SQL: SELECT * FROM `app_auth` WHERE `status` = 1 ORDER BY sort ASC  [ RunTime:0.0000s ]
NOTIC: [8] Undefined offset: 13 D:\wamp\www\api\Application\Admin\Model\AuthModel.class.php 第 57 行.
SQL: SHOW COLUMNS FROM `app_config` [ RunTime:0.0000s ]
SQL: SELECT * FROM `app_config` WHERE `conf_group` = 2  [ RunTime:0.0000s ]
SQL: SELECT `id`,`pid`,`url` FROM `app_auth` WHERE `url` = 'Adver/edit' LIMIT 1   [ RunTime:0.0000s ]
SQL: SHOW COLUMNS FROM `app_adver_type` [ RunTime:0.0156s ]
SQL: SELECT * FROM `app_adver` WHERE `id` = 1 LIMIT 1   [ RunTime:0.0000s ]
SQL: SELECT * FROM `app_adver_type` WHERE `status` = 1  [ RunTime:0.0000s ]
INFO: [ view_parse ] --START--
INFO: [ template_filter ] --START--
INFO: Run Behavior\ContentReplaceBehavior [ RunTime:0.000000s ]
INFO: [ template_filter ] --END-- [ RunTime:0.000000s ]
INFO: Run Behavior\ParseTemplateBehavior [ RunTime:0.015600s ]
INFO: [ view_parse ] --END-- [ RunTime:0.015600s ]
INFO: [ view_filter ] --START--
INFO: Run Behavior\WriteHtmlCacheBehavior [ RunTime:0.000000s ]
INFO: [ view_filter ] --END-- [ RunTime:0.000000s ]
INFO: [ app_end ] --START--
INFO: Run Behavior\ShowPageTraceBehavior [ RunTime:0.000000s ]
INFO: [ app_end ] --END-- [ RunTime:0.000000s ]

[ 2016-09-28T09:03:49+08:00 ] 127.0.0.1 /api/index.php?s=/Admin/AdverType/getAdverTypeInfo
INFO: [ app_init ] --START--
INFO: Run Behavior\BuildLiteBehavior [ RunTime:0.000000s ]
INFO: [ app_init ] --END-- [ RunTime:0.015600s ]
INFO: [ app_begin ] --START--
INFO: Run Behavior\ReadHtmlCacheBehavior [ RunTime:0.000000s ]
INFO: [ app_begin ] --END-- [ RunTime:0.000000s ]
SQL: SHOW COLUMNS FROM `app_group` [ RunTime:0.0000s ]
SQL: SHOW COLUMNS FROM `app_auth` [ RunTime:0.0156s ]
SQL: SHOW COLUMNS FROM `app_manage` [ RunTime:0.0000s ]
SQL: SHOW COLUMNS FROM `app_article` [ RunTime:0.0000s ]
SQL: SHOW COLUMNS FROM `app_adver` [ RunTime:0.0000s ]
SQL: SELECT `auth` FROM `app_group` WHERE `id` = 1 LIMIT 1   [ RunTime:0.0000s ]
SQL: SELECT * FROM `app_auth` WHERE `status` = 1 ORDER BY sort ASC  [ RunTime:0.0000s ]
NOTIC: [8] Undefined offset: 13 D:\wamp\www\api\Application\Admin\Model\AuthModel.class.php 第 57 行.
SQL: SHOW COLUMNS FROM `app_config` [ RunTime:0.0000s ]
SQL: SELECT * FROM `app_config` WHERE `conf_group` = 2  [ RunTime:0.0000s ]
SQL: SELECT `id`,`pid`,`url` FROM `app_auth` WHERE `url` = 'AdverType/getAdverTypeInfo' LIMIT 1   [ RunTime:0.0000s ]
SQL: SHOW COLUMNS FROM `app_adver_type` [ RunTime:0.0000s ]
SQL: SELECT * FROM `app_adver_type` WHERE `id` = 1 LIMIT 1   [ RunTime:0.0000s ]

[ 2016-09-28T09:05:08+08:00 ] 127.0.0.1 /api/index.php?s=/Admin/Adver/edit/id/1
INFO: [ app_init ] --START--
INFO: Run Behavior\BuildLiteBehavior [ RunTime:0.000000s ]
INFO: [ app_init ] --END-- [ RunTime:0.000000s ]
INFO: [ app_begin ] --START--
INFO: Run Behavior\ReadHtmlCacheBehavior [ RunTime:0.000000s ]
INFO: [ app_begin ] --END-- [ RunTime:0.000000s ]
SQL: SHOW COLUMNS FROM `app_group` [ RunTime:0.0000s ]
SQL: SHOW COLUMNS FROM `app_auth` [ RunTime:0.0000s ]
SQL: SHOW COLUMNS FROM `app_manage` [ RunTime:0.0000s ]
SQL: SHOW COLUMNS FROM `app_article` [ RunTime:0.0000s ]
SQL: SHOW COLUMNS FROM `app_adver` [ RunTime:0.0000s ]
SQL: SELECT `auth` FROM `app_group` WHERE `id` = 1 LIMIT 1   [ RunTime:0.0000s ]
SQL: SELECT * FROM `app_auth` WHERE `status` = 1 ORDER BY sort ASC  [ RunTime:0.0000s ]
NOTIC: [8] Undefined offset: 13 D:\wamp\www\api\Application\Admin\Model\AuthModel.class.php 第 57 行.
SQL: SHOW COLUMNS FROM `app_config` [ RunTime:0.0000s ]
SQL: SELECT * FROM `app_config` WHERE `conf_group` = 2  [ RunTime:0.0000s ]
SQL: SELECT `id`,`pid`,`url` FROM `app_auth` WHERE `url` = 'Adver/edit' LIMIT 1   [ RunTime:0.0000s ]
SQL: SHOW COLUMNS FROM `app_adver_type` [ RunTime:0.0000s ]
SQL: SELECT * FROM `app_adver` WHERE `id` = 1 LIMIT 1   [ RunTime:0.0000s ]
SQL: SELECT * FROM `app_adver_type` WHERE `status` = 1  [ RunTime:0.0000s ]
INFO: [ view_parse ] --START--
INFO: [ template_filter ] --START--
INFO: Run Behavior\ContentReplaceBehavior [ RunTime:0.000000s ]
INFO: [ template_filter ] --END-- [ RunTime:0.000000s ]
INFO: Run Behavior\ParseTemplateBehavior [ RunTime:0.015600s ]
INFO: [ view_parse ] --END-- [ RunTime:0.015600s ]
INFO: [ view_filter ] --START--
INFO: Run Behavior\WriteHtmlCacheBehavior [ RunTime:0.000000s ]
INFO: [ view_filter ] --END-- [ RunTime:0.000000s ]
INFO: [ app_end ] --START--
INFO: Run Behavior\ShowPageTraceBehavior [ RunTime:0.000000s ]
INFO: [ app_end ] --END-- [ RunTime:0.000000s ]

[ 2016-09-28T09:05:08+08:00 ] 127.0.0.1 /api/index.php?s=/Admin/AdverType/getAdverTypeInfo
INFO: [ app_init ] --START--
INFO: Run Behavior\BuildLiteBehavior [ RunTime:0.000000s ]
INFO: [ app_init ] --END-- [ RunTime:0.000000s ]
INFO: [ app_begin ] --START--
INFO: Run Behavior\ReadHtmlCacheBehavior [ RunTime:0.000000s ]
INFO: [ app_begin ] --END-- [ RunTime:0.000000s ]
SQL: SHOW COLUMNS FROM `app_group` [ RunTime:0.0156s ]
SQL: SHOW COLUMNS FROM `app_auth` [ RunTime:0.0000s ]
SQL: SHOW COLUMNS FROM `app_manage` [ RunTime:0.0000s ]
SQL: SHOW COLUMNS FROM `app_article` [ RunTime:0.0000s ]
SQL: SHOW COLUMNS FROM `app_adver` [ RunTime:0.0000s ]
SQL: SELECT `auth` FROM `app_group` WHERE `id` = 1 LIMIT 1   [ RunTime:0.0000s ]
SQL: SELECT * FROM `app_auth` WHERE `status` = 1 ORDER BY sort ASC  [ RunTime:0.0156s ]
NOTIC: [8] Undefined offset: 13 D:\wamp\www\api\Application\Admin\Model\AuthModel.class.php 第 57 行.
SQL: SHOW COLUMNS FROM `app_config` [ RunTime:0.0000s ]
SQL: SELECT * FROM `app_config` WHERE `conf_group` = 2  [ RunTime:0.0000s ]
SQL: SELECT `id`,`pid`,`url` FROM `app_auth` WHERE `url` = 'AdverType/getAdverTypeInfo' LIMIT 1   [ RunTime:0.0000s ]
SQL: SHOW COLUMNS FROM `app_adver_type` [ RunTime:0.0000s ]
SQL: SELECT * FROM `app_adver_type` WHERE `id` = 1 LIMIT 1   [ RunTime:0.0000s ]

[ 2016-09-28T09:05:28+08:00 ] 127.0.0.1 /api/index.php?s=/Admin/Adver/edit/id/1
INFO: [ app_init ] --START--
INFO: Run Behavior\BuildLiteBehavior [ RunTime:0.000000s ]
INFO: [ app_init ] --END-- [ RunTime:0.000000s ]
INFO: [ app_begin ] --START--
INFO: Run Behavior\ReadHtmlCacheBehavior [ RunTime:0.000000s ]
INFO: [ app_begin ] --END-- [ RunTime:0.015600s ]
SQL: SHOW COLUMNS FROM `app_group` [ RunTime:0.0000s ]
SQL: SHOW COLUMNS FROM `app_auth` [ RunTime:0.0000s ]
SQL: SHOW COLUMNS FROM `app_manage` [ RunTime:0.0000s ]
SQL: SHOW COLUMNS FROM `app_article` [ RunTime:0.0000s ]
SQL: SHOW COLUMNS FROM `app_adver` [ RunTime:0.0000s ]
SQL: SELECT `auth` FROM `app_group` WHERE `id` = 1 LIMIT 1   [ RunTime:0.0156s ]
SQL: SELECT * FROM `app_auth` WHERE `status` = 1 ORDER BY sort ASC  [ RunTime:0.0000s ]
NOTIC: [8] Undefined offset: 13 D:\wamp\www\api\Application\Admin\Model\AuthModel.class.php 第 57 行.
SQL: SHOW COLUMNS FROM `app_config` [ RunTime:0.0000s ]
SQL: SELECT * FROM `app_config` WHERE `conf_group` = 2  [ RunTime:0.0000s ]
SQL: SELECT `id`,`pid`,`url` FROM `app_auth` WHERE `url` = 'Adver/edit' LIMIT 1   [ RunTime:0.0000s ]
SQL: SHOW COLUMNS FROM `app_adver_type` [ RunTime:0.0000s ]
SQL: SELECT * FROM `app_adver` WHERE `id` = 1 LIMIT 1   [ RunTime:0.0000s ]
SQL: SELECT * FROM `app_adver_type` WHERE `status` = 1  [ RunTime:0.0000s ]
INFO: [ view_parse ] --START--
INFO: [ template_filter ] --START--
INFO: Run Behavior\ContentReplaceBehavior [ RunTime:0.000000s ]
INFO: [ template_filter ] --END-- [ RunTime:0.000000s ]
INFO: Run Behavior\ParseTemplateBehavior [ RunTime:0.015600s ]
INFO: [ view_parse ] --END-- [ RunTime:0.015600s ]
INFO: [ view_filter ] --START--
INFO: Run Behavior\WriteHtmlCacheBehavior [ RunTime:0.000000s ]
INFO: [ view_filter ] --END-- [ RunTime:0.000000s ]
INFO: [ app_end ] --START--
INFO: Run Behavior\ShowPageTraceBehavior [ RunTime:0.000000s ]
INFO: [ app_end ] --END-- [ RunTime:0.000000s ]

[ 2016-09-28T09:05:28+08:00 ] 127.0.0.1 /api/index.php?s=/Admin/AdverType/getAdverTypeInfo
INFO: [ app_init ] --START--
INFO: Run Behavior\BuildLiteBehavior [ RunTime:0.000000s ]
INFO: [ app_init ] --END-- [ RunTime:0.000000s ]
INFO: [ app_begin ] --START--
INFO: Run Behavior\ReadHtmlCacheBehavior [ RunTime:0.000000s ]
INFO: [ app_begin ] --END-- [ RunTime:0.000000s ]
SQL: SHOW COLUMNS FROM `app_group` [ RunTime:0.0000s ]
SQL: SHOW COLUMNS FROM `app_auth` [ RunTime:0.0000s ]
SQL: SHOW COLUMNS FROM `app_manage` [ RunTime:0.0000s ]
SQL: SHOW COLUMNS FROM `app_article` [ RunTime:0.0156s ]
SQL: SHOW COLUMNS FROM `app_adver` [ RunTime:0.0000s ]
SQL: SELECT `auth` FROM `app_group` WHERE `id` = 1 LIMIT 1   [ RunTime:0.0000s ]
SQL: SELECT * FROM `app_auth` WHERE `status` = 1 ORDER BY sort ASC  [ RunTime:0.0000s ]
NOTIC: [8] Undefined offset: 13 D:\wamp\www\api\Application\Admin\Model\AuthModel.class.php 第 57 行.
SQL: SHOW COLUMNS FROM `app_config` [ RunTime:0.0000s ]
SQL: SELECT * FROM `app_config` WHERE `conf_group` = 2  [ RunTime:0.0000s ]
SQL: SELECT `id`,`pid`,`url` FROM `app_auth` WHERE `url` = 'AdverType/getAdverTypeInfo' LIMIT 1   [ RunTime:0.0000s ]
SQL: SHOW COLUMNS FROM `app_adver_type` [ RunTime:0.0000s ]
SQL: SELECT * FROM `app_adver_type` WHERE `id` = 1 LIMIT 1   [ RunTime:0.0000s ]

[ 2016-09-28T09:06:25+08:00 ] 127.0.0.1 /api/index.php?s=/Admin/AdverType/index
INFO: [ app_init ] --START--
INFO: Run Behavior\BuildLiteBehavior [ RunTime:0.000000s ]
INFO: [ app_init ] --END-- [ RunTime:0.000000s ]
INFO: [ app_begin ] --START--
INFO: Run Behavior\ReadHtmlCacheBehavior [ RunTime:0.000000s ]
INFO: [ app_begin ] --END-- [ RunTime:0.000000s ]
SQL: SHOW COLUMNS FROM `app_group` [ RunTime:0.0000s ]
SQL: SHOW COLUMNS FROM `app_auth` [ RunTime:0.0000s ]
SQL: SHOW COLUMNS FROM `app_manage` [ RunTime:0.0000s ]
SQL: SHOW COLUMNS FROM `app_article` [ RunTime:0.0000s ]
SQL: SHOW COLUMNS FROM `app_adver` [ RunTime:0.0000s ]
SQL: SELECT `auth` FROM `app_group` WHERE `id` = 1 LIMIT 1   [ RunTime:0.0000s ]
SQL: SELECT * FROM `app_auth` WHERE `status` = 1 ORDER BY sort ASC  [ RunTime:0.0156s ]
NOTIC: [8] Undefined offset: 13 D:\wamp\www\api\Application\Admin\Model\AuthModel.class.php 第 57 行.
SQL: SHOW COLUMNS FROM `app_config` [ RunTime:0.0000s ]
SQL: SELECT * FROM `app_config` WHERE `conf_group` = 2  [ RunTime:0.0000s ]
SQL: SELECT `id`,`pid`,`url` FROM `app_auth` WHERE `url` = 'AdverType/index' LIMIT 1   [ RunTime:0.0000s ]
SQL: SHOW COLUMNS FROM `app_adver_type` [ RunTime:0.0000s ]
SQL: SELECT * FROM `app_adver_type`  [ RunTime:0.0000s ]
INFO: [ view_parse ] --START--
INFO: [ template_filter ] --START--
INFO: Run Behavior\ContentReplaceBehavior [ RunTime:0.000000s ]
INFO: [ template_filter ] --END-- [ RunTime:0.000000s ]
NOTIC: [8] Undefined variable: page D:\wamp\www\api\Application\Runtime\Cache\Admin\407b904acb90606c910b4c13662da8e2.php 第 98 行.
INFO: Run Behavior\ParseTemplateBehavior [ RunTime:0.015600s ]
INFO: [ view_parse ] --END-- [ RunTime:0.015600s ]
INFO: [ view_filter ] --START--
INFO: Run Behavior\WriteHtmlCacheBehavior [ RunTime:0.000000s ]
INFO: [ view_filter ] --END-- [ RunTime:0.000000s ]
INFO: [ app_end ] --START--
INFO: Run Behavior\ShowPageTraceBehavior [ RunTime:0.000000s ]
INFO: [ app_end ] --END-- [ RunTime:0.000000s ]

[ 2016-09-28T09:06:26+08:00 ] 127.0.0.1 /api/index.php?s=/Admin/AdverType/edit/id/1
INFO: [ app_init ] --START--
INFO: Run Behavior\BuildLiteBehavior [ RunTime:0.000000s ]
INFO: [ app_init ] --END-- [ RunTime:0.000000s ]
INFO: [ app_begin ] --START--
INFO: Run Behavior\ReadHtmlCacheBehavior [ RunTime:0.000000s ]
INFO: [ app_begin ] --END-- [ RunTime:0.000000s ]
SQL: SHOW COLUMNS FROM `app_group` [ RunTime:0.0000s ]
SQL: SHOW COLUMNS FROM `app_auth` [ RunTime:0.0000s ]
SQL: SHOW COLUMNS FROM `app_manage` [ RunTime:0.0000s ]
SQL: SHOW COLUMNS FROM `app_article` [ RunTime:0.0000s ]
SQL: SHOW COLUMNS FROM `app_adver` [ RunTime:0.0000s ]
SQL: SELECT `auth` FROM `app_group` WHERE `id` = 1 LIMIT 1   [ RunTime:0.0000s ]
SQL: SELECT * FROM `app_auth` WHERE `status` = 1 ORDER BY sort ASC  [ RunTime:0.0000s ]
NOTIC: [8] Undefined offset: 13 D:\wamp\www\api\Application\Admin\Model\AuthModel.class.php 第 57 行.
SQL: SHOW COLUMNS FROM `app_config` [ RunTime:0.0000s ]
SQL: SELECT * FROM `app_config` WHERE `conf_group` = 2  [ RunTime:0.0000s ]
SQL: SELECT `id`,`pid`,`url` FROM `app_auth` WHERE `url` = 'AdverType/edit' LIMIT 1   [ RunTime:0.0000s ]
SQL: SHOW COLUMNS FROM `app_adver_type` [ RunTime:0.0000s ]
SQL: SELECT * FROM `app_adver_type` WHERE `id` = 1 LIMIT 1   [ RunTime:0.0000s ]
INFO: [ view_parse ] --START--
INFO: [ template_filter ] --START--
INFO: Run Behavior\ContentReplaceBehavior [ RunTime:0.000000s ]
INFO: [ template_filter ] --END-- [ RunTime:0.000000s ]
INFO: Run Behavior\ParseTemplateBehavior [ RunTime:0.015600s ]
INFO: [ view_parse ] --END-- [ RunTime:0.015600s ]
INFO: [ view_filter ] --START--
INFO: Run Behavior\WriteHtmlCacheBehavior [ RunTime:0.000000s ]
INFO: [ view_filter ] --END-- [ RunTime:0.000000s ]
INFO: [ app_end ] --START--
INFO: Run Behavior\ShowPageTraceBehavior [ RunTime:0.015600s ]
INFO: [ app_end ] --END-- [ RunTime:0.015600s ]

[ 2016-09-28T09:06:29+08:00 ] 127.0.0.1 /api/index.php?s=/Admin/AdverType/edit/id/1
INFO: [ app_init ] --START--
INFO: Run Behavior\BuildLiteBehavior [ RunTime:0.000000s ]
INFO: [ app_init ] --END-- [ RunTime:0.000000s ]
INFO: [ app_begin ] --START--
INFO: Run Behavior\ReadHtmlCacheBehavior [ RunTime:0.000000s ]
INFO: [ app_begin ] --END-- [ RunTime:0.000000s ]
SQL: SHOW COLUMNS FROM `app_group` [ RunTime:0.0000s ]
SQL: SHOW COLUMNS FROM `app_auth` [ RunTime:0.0000s ]
SQL: SHOW COLUMNS FROM `app_manage` [ RunTime:0.0000s ]
SQL: SHOW COLUMNS FROM `app_article` [ RunTime:0.0000s ]
SQL: SHOW COLUMNS FROM `app_adver` [ RunTime:0.0000s ]
SQL: SELECT `auth` FROM `app_group` WHERE `id` = 1 LIMIT 1   [ RunTime:0.0156s ]
SQL: SELECT * FROM `app_auth` WHERE `status` = 1 ORDER BY sort ASC  [ RunTime:0.0000s ]
NOTIC: [8] Undefined offset: 13 D:\wamp\www\api\Application\Admin\Model\AuthModel.class.php 第 57 行.
SQL: SHOW COLUMNS FROM `app_config` [ RunTime:0.0000s ]
SQL: SELECT * FROM `app_config` WHERE `conf_group` = 2  [ RunTime:0.0000s ]
SQL: SELECT `id`,`pid`,`url` FROM `app_auth` WHERE `url` = 'AdverType/edit' LIMIT 1   [ RunTime:0.0000s ]
SQL: SHOW COLUMNS FROM `app_adver_type` [ RunTime:0.0000s ]
NOTIC: [8] Undefined index: validate D:\wamp\www\api\ThinkPHP\Library\Think\Model.class.php 第 1185 行.
NOTIC: [8] Undefined index: auto D:\wamp\www\api\ThinkPHP\Library\Think\Model.class.php 第 1128 行.
INFO: [ view_parse ] --START--
INFO: [ template_filter ] --START--
INFO: Run Behavior\ContentReplaceBehavior [ RunTime:0.000000s ]
INFO: [ template_filter ] --END-- [ RunTime:0.000000s ]
INFO: Run Behavior\ParseTemplateBehavior [ RunTime:0.015600s ]
INFO: [ view_parse ] --END-- [ RunTime:0.015600s ]
INFO: [ view_filter ] --START--
INFO: Run Behavior\WriteHtmlCacheBehavior [ RunTime:0.000000s ]
INFO: [ view_filter ] --END-- [ RunTime:0.000000s ]

[ 2016-09-28T09:07:37+08:00 ] 127.0.0.1 /api/index.php?s=/Admin/AdverType/edit/id/1
INFO: [ app_init ] --START--
INFO: Run Behavior\BuildLiteBehavior [ RunTime:0.000000s ]
INFO: [ app_init ] --END-- [ RunTime:0.000000s ]
INFO: [ app_begin ] --START--
INFO: Run Behavior\ReadHtmlCacheBehavior [ RunTime:0.000000s ]
INFO: [ app_begin ] --END-- [ RunTime:0.000000s ]
SQL: SHOW COLUMNS FROM `app_group` [ RunTime:0.0000s ]
SQL: SHOW COLUMNS FROM `app_auth` [ RunTime:0.0000s ]
SQL: SHOW COLUMNS FROM `app_manage` [ RunTime:0.0000s ]
SQL: SHOW COLUMNS FROM `app_article` [ RunTime:0.0000s ]
SQL: SHOW COLUMNS FROM `app_adver` [ RunTime:0.0000s ]
SQL: SELECT `auth` FROM `app_group` WHERE `id` = 1 LIMIT 1   [ RunTime:0.0156s ]
SQL: SELECT * FROM `app_auth` WHERE `status` = 1 ORDER BY sort ASC  [ RunTime:0.0000s ]
NOTIC: [8] Undefined offset: 13 D:\wamp\www\api\Application\Admin\Model\AuthModel.class.php 第 57 行.
SQL: SHOW COLUMNS FROM `app_config` [ RunTime:0.0000s ]
SQL: SELECT * FROM `app_config` WHERE `conf_group` = 2  [ RunTime:0.0000s ]
SQL: SELECT `id`,`pid`,`url` FROM `app_auth` WHERE `url` = 'AdverType/edit' LIMIT 1   [ RunTime:0.0000s ]
SQL: SHOW COLUMNS FROM `app_adver_type` [ RunTime:0.0000s ]
SQL: SELECT * FROM `app_adver_type` WHERE `id` = 1 LIMIT 1   [ RunTime:0.0000s ]
INFO: [ view_parse ] --START--
INFO: [ template_filter ] --START--
INFO: Run Behavior\ContentReplaceBehavior [ RunTime:0.000000s ]
INFO: [ template_filter ] --END-- [ RunTime:0.000000s ]
INFO: Run Behavior\ParseTemplateBehavior [ RunTime:0.015600s ]
INFO: [ view_parse ] --END-- [ RunTime:0.015600s ]
INFO: [ view_filter ] --START--
INFO: Run Behavior\WriteHtmlCacheBehavior [ RunTime:0.000000s ]
INFO: [ view_filter ] --END-- [ RunTime:0.000000s ]
INFO: [ app_end ] --START--
INFO: Run Behavior\ShowPageTraceBehavior [ RunTime:0.000000s ]
INFO: [ app_end ] --END-- [ RunTime:0.000000s ]

[ 2016-09-28T09:07:40+08:00 ] 127.0.0.1 /api/index.php?s=/Admin/AdverType/edit/id/1
INFO: [ app_init ] --START--
INFO: Run Behavior\BuildLiteBehavior [ RunTime:0.000000s ]
INFO: [ app_init ] --END-- [ RunTime:0.000000s ]
INFO: [ app_begin ] --START--
INFO: Run Behavior\ReadHtmlCacheBehavior [ RunTime:0.000000s ]
INFO: [ app_begin ] --END-- [ RunTime:0.000000s ]
SQL: SHOW COLUMNS FROM `app_group` [ RunTime:0.0000s ]
SQL: SHOW COLUMNS FROM `app_auth` [ RunTime:0.0000s ]
SQL: SHOW COLUMNS FROM `app_manage` [ RunTime:0.0156s ]
SQL: SHOW COLUMNS FROM `app_article` [ RunTime:0.0000s ]
SQL: SHOW COLUMNS FROM `app_adver` [ RunTime:0.0156s ]
SQL: SELECT `auth` FROM `app_group` WHERE `id` = 1 LIMIT 1   [ RunTime:0.0000s ]
SQL: SELECT * FROM `app_auth` WHERE `status` = 1 ORDER BY sort ASC  [ RunTime:0.0000s ]
NOTIC: [8] Undefined offset: 13 D:\wamp\www\api\Application\Admin\Model\AuthModel.class.php 第 57 行.
SQL: SHOW COLUMNS FROM `app_config` [ RunTime:0.0156s ]
SQL: SELECT * FROM `app_config` WHERE `conf_group` = 2  [ RunTime:0.0000s ]
SQL: SELECT `id`,`pid`,`url` FROM `app_auth` WHERE `url` = 'AdverType/edit' LIMIT 1   [ RunTime:0.0000s ]
SQL: SHOW COLUMNS FROM `app_adver_type` [ RunTime:0.0000s ]
NOTIC: [8] Undefined index: validate D:\wamp\www\api\ThinkPHP\Library\Think\Model.class.php 第 1185 行.
NOTIC: [8] Undefined index: auto D:\wamp\www\api\ThinkPHP\Library\Think\Model.class.php 第 1128 行.
SQL: UPDATE `app_adver_type` SET `name`='首页轮播',`width`='1920',`height`='580',`summary`='首页轮播广告2',`status`='1' WHERE `id` = 1 [ RunTime:0.0156s ]
INFO: [ view_parse ] --START--
INFO: [ template_filter ] --START--
INFO: Run Behavior\ContentReplaceBehavior [ RunTime:0.000000s ]
INFO: [ template_filter ] --END-- [ RunTime:0.000000s ]
INFO: Run Behavior\ParseTemplateBehavior [ RunTime:0.015600s ]
INFO: [ view_parse ] --END-- [ RunTime:0.015600s ]
INFO: [ view_filter ] --START--
INFO: Run Behavior\WriteHtmlCacheBehavior [ RunTime:0.000000s ]
INFO: [ view_filter ] --END-- [ RunTime:0.000000s ]
INFO: [ app_end ] --START--
INFO: Run Behavior\ShowPageTraceBehavior [ RunTime:0.000000s ]
INFO: [ app_end ] --END-- [ RunTime:0.000000s ]

[ 2016-09-28T09:07:42+08:00 ] 127.0.0.1 /api/index.php?s=/Admin/AdverType/index.html
INFO: [ app_init ] --START--
INFO: Run Behavior\BuildLiteBehavior [ RunTime:0.000000s ]
INFO: [ app_init ] --END-- [ RunTime:0.000000s ]
INFO: [ app_begin ] --START--
INFO: Run Behavior\ReadHtmlCacheBehavior [ RunTime:0.000000s ]
INFO: [ app_begin ] --END-- [ RunTime:0.000000s ]
SQL: SHOW COLUMNS FROM `app_group` [ RunTime:0.0000s ]
SQL: SHOW COLUMNS FROM `app_auth` [ RunTime:0.0000s ]
SQL: SHOW COLUMNS FROM `app_manage` [ RunTime:0.0156s ]
SQL: SHOW COLUMNS FROM `app_article` [ RunTime:0.0000s ]
SQL: SHOW COLUMNS FROM `app_adver` [ RunTime:0.0000s ]
SQL: SELECT `auth` FROM `app_group` WHERE `id` = 1 LIMIT 1   [ RunTime:0.0000s ]
SQL: SELECT * FROM `app_auth` WHERE `status` = 1 ORDER BY sort ASC  [ RunTime:0.0000s ]
NOTIC: [8] Undefined offset: 13 D:\wamp\www\api\Application\Admin\Model\AuthModel.class.php 第 57 行.
SQL: SHOW COLUMNS FROM `app_config` [ RunTime:0.0000s ]
SQL: SELECT * FROM `app_config` WHERE `conf_group` = 2  [ RunTime:0.0000s ]
SQL: SELECT `id`,`pid`,`url` FROM `app_auth` WHERE `url` = 'AdverType/index' LIMIT 1   [ RunTime:0.0000s ]
SQL: SHOW COLUMNS FROM `app_adver_type` [ RunTime:0.0000s ]
SQL: SELECT * FROM `app_adver_type`  [ RunTime:0.0000s ]
INFO: [ view_parse ] --START--
INFO: [ template_filter ] --START--
INFO: Run Behavior\ContentReplaceBehavior [ RunTime:0.000000s ]
INFO: [ template_filter ] --END-- [ RunTime:0.000000s ]
NOTIC: [8] Undefined variable: page D:\wamp\www\api\Application\Runtime\Cache\Admin\407b904acb90606c910b4c13662da8e2.php 第 98 行.
INFO: Run Behavior\ParseTemplateBehavior [ RunTime:0.015600s ]
INFO: [ view_parse ] --END-- [ RunTime:0.015600s ]
INFO: [ view_filter ] --START--
INFO: Run Behavior\WriteHtmlCacheBehavior [ RunTime:0.000000s ]
INFO: [ view_filter ] --END-- [ RunTime:0.000000s ]
INFO: [ app_end ] --START--
INFO: Run Behavior\ShowPageTraceBehavior [ RunTime:0.000000s ]
INFO: [ app_end ] --END-- [ RunTime:0.000000s ]

[ 2016-09-28T09:07:45+08:00 ] 127.0.0.1 /api/index.php?s=/Admin/AdverType/edit/id/1
INFO: [ app_init ] --START--
INFO: Run Behavior\BuildLiteBehavior [ RunTime:0.000000s ]
INFO: [ app_init ] --END-- [ RunTime:0.000000s ]
INFO: [ app_begin ] --START--
INFO: Run Behavior\ReadHtmlCacheBehavior [ RunTime:0.000000s ]
INFO: [ app_begin ] --END-- [ RunTime:0.000000s ]
SQL: SHOW COLUMNS FROM `app_group` [ RunTime:0.0000s ]
SQL: SHOW COLUMNS FROM `app_auth` [ RunTime:0.0000s ]
SQL: SHOW COLUMNS FROM `app_manage` [ RunTime:0.0000s ]
SQL: SHOW COLUMNS FROM `app_article` [ RunTime:0.0000s ]
SQL: SHOW COLUMNS FROM `app_adver` [ RunTime:0.0000s ]
SQL: SELECT `auth` FROM `app_group` WHERE `id` = 1 LIMIT 1   [ RunTime:0.0000s ]
SQL: SELECT * FROM `app_auth` WHERE `status` = 1 ORDER BY sort ASC  [ RunTime:0.0000s ]
NOTIC: [8] Undefined offset: 13 D:\wamp\www\api\Application\Admin\Model\AuthModel.class.php 第 57 行.
SQL: SHOW COLUMNS FROM `app_config` [ RunTime:0.0000s ]
SQL: SELECT * FROM `app_config` WHERE `conf_group` = 2  [ RunTime:0.0000s ]
SQL: SELECT `id`,`pid`,`url` FROM `app_auth` WHERE `url` = 'AdverType/edit' LIMIT 1   [ RunTime:0.0000s ]
SQL: SHOW COLUMNS FROM `app_adver_type` [ RunTime:0.0156s ]
SQL: SELECT * FROM `app_adver_type` WHERE `id` = 1 LIMIT 1   [ RunTime:0.0000s ]
INFO: [ view_parse ] --START--
INFO: [ template_filter ] --START--
INFO: Run Behavior\ContentReplaceBehavior [ RunTime:0.000000s ]
INFO: [ template_filter ] --END-- [ RunTime:0.000000s ]
INFO: Run Behavior\ParseTemplateBehavior [ RunTime:0.000000s ]
INFO: [ view_parse ] --END-- [ RunTime:0.000000s ]
INFO: [ view_filter ] --START--
INFO: Run Behavior\WriteHtmlCacheBehavior [ RunTime:0.015600s ]
INFO: [ view_filter ] --END-- [ RunTime:0.015600s ]
INFO: [ app_end ] --START--
INFO: Run Behavior\ShowPageTraceBehavior [ RunTime:0.000000s ]
INFO: [ app_end ] --END-- [ RunTime:0.000000s ]

[ 2016-09-28T09:07:48+08:00 ] 127.0.0.1 /api/index.php?s=/Admin/AdverType/edit/id/1
INFO: [ app_init ] --START--
INFO: Run Behavior\BuildLiteBehavior [ RunTime:0.000000s ]
INFO: [ app_init ] --END-- [ RunTime:0.000000s ]
INFO: [ app_begin ] --START--
INFO: Run Behavior\ReadHtmlCacheBehavior [ RunTime:0.000000s ]
INFO: [ app_begin ] --END-- [ RunTime:0.000000s ]
SQL: SHOW COLUMNS FROM `app_group` [ RunTime:0.0000s ]
SQL: SHOW COLUMNS FROM `app_auth` [ RunTime:0.0000s ]
SQL: SHOW COLUMNS FROM `app_manage` [ RunTime:0.0000s ]
SQL: SHOW COLUMNS FROM `app_article` [ RunTime:0.0000s ]
SQL: SHOW COLUMNS FROM `app_adver` [ RunTime:0.0000s ]
SQL: SELECT `auth` FROM `app_group` WHERE `id` = 1 LIMIT 1   [ RunTime:0.0000s ]
SQL: SELECT * FROM `app_auth` WHERE `status` = 1 ORDER BY sort ASC  [ RunTime:0.0000s ]
NOTIC: [8] Undefined offset: 13 D:\wamp\www\api\Application\Admin\Model\AuthModel.class.php 第 57 行.
SQL: SHOW COLUMNS FROM `app_config` [ RunTime:0.0000s ]
SQL: SELECT * FROM `app_config` WHERE `conf_group` = 2  [ RunTime:0.0000s ]
SQL: SELECT `id`,`pid`,`url` FROM `app_auth` WHERE `url` = 'AdverType/edit' LIMIT 1   [ RunTime:0.0000s ]
SQL: SHOW COLUMNS FROM `app_adver_type` [ RunTime:0.0000s ]
NOTIC: [8] Undefined index: validate D:\wamp\www\api\ThinkPHP\Library\Think\Model.class.php 第 1185 行.
NOTIC: [8] Undefined index: auto D:\wamp\www\api\ThinkPHP\Library\Think\Model.class.php 第 1128 行.
SQL: UPDATE `app_adver_type` SET `name`='首页轮播',`width`='1920',`height`='580',`summary`='首页轮播广告',`status`='1' WHERE `id` = 1 [ RunTime:0.0312s ]
INFO: [ view_parse ] --START--
INFO: [ template_filter ] --START--
INFO: Run Behavior\ContentReplaceBehavior [ RunTime:0.000000s ]
INFO: [ template_filter ] --END-- [ RunTime:0.000000s ]
INFO: Run Behavior\ParseTemplateBehavior [ RunTime:0.015600s ]
INFO: [ view_parse ] --END-- [ RunTime:0.031200s ]
INFO: [ view_filter ] --START--
INFO: Run Behavior\WriteHtmlCacheBehavior [ RunTime:0.000000s ]
INFO: [ view_filter ] --END-- [ RunTime:0.000000s ]
INFO: [ app_end ] --START--
INFO: Run Behavior\ShowPageTraceBehavior [ RunTime:0.000000s ]
INFO: [ app_end ] --END-- [ RunTime:0.000000s ]

[ 2016-09-28T09:07:50+08:00 ] 127.0.0.1 /api/index.php?s=/Admin/AdverType/index.html
INFO: [ app_init ] --START--
INFO: Run Behavior\BuildLiteBehavior [ RunTime:0.000000s ]
INFO: [ app_init ] --END-- [ RunTime:0.000000s ]
INFO: [ app_begin ] --START--
INFO: Run Behavior\ReadHtmlCacheBehavior [ RunTime:0.000000s ]
INFO: [ app_begin ] --END-- [ RunTime:0.000000s ]
SQL: SHOW COLUMNS FROM `app_group` [ RunTime:0.0000s ]
SQL: SHOW COLUMNS FROM `app_auth` [ RunTime:0.0000s ]
SQL: SHOW COLUMNS FROM `app_manage` [ RunTime:0.0000s ]
SQL: SHOW COLUMNS FROM `app_article` [ RunTime:0.0156s ]
SQL: SHOW COLUMNS FROM `app_adver` [ RunTime:0.0000s ]
SQL: SELECT `auth` FROM `app_group` WHERE `id` = 1 LIMIT 1   [ RunTime:0.0000s ]
SQL: SELECT * FROM `app_auth` WHERE `status` = 1 ORDER BY sort ASC  [ RunTime:0.0000s ]
NOTIC: [8] Undefined offset: 13 D:\wamp\www\api\Application\Admin\Model\AuthModel.class.php 第 57 行.
SQL: SHOW COLUMNS FROM `app_config` [ RunTime:0.0000s ]
SQL: SELECT * FROM `app_config` WHERE `conf_group` = 2  [ RunTime:0.0000s ]
SQL: SELECT `id`,`pid`,`url` FROM `app_auth` WHERE `url` = 'AdverType/index' LIMIT 1   [ RunTime:0.0000s ]
SQL: SHOW COLUMNS FROM `app_adver_type` [ RunTime:0.0000s ]
SQL: SELECT * FROM `app_adver_type`  [ RunTime:0.0000s ]
INFO: [ view_parse ] --START--
INFO: [ template_filter ] --START--
INFO: Run Behavior\ContentReplaceBehavior [ RunTime:0.000000s ]
INFO: [ template_filter ] --END-- [ RunTime:0.000000s ]
NOTIC: [8] Undefined variable: page D:\wamp\www\api\Application\Runtime\Cache\Admin\407b904acb90606c910b4c13662da8e2.php 第 98 行.
INFO: Run Behavior\ParseTemplateBehavior [ RunTime:0.015600s ]
INFO: [ view_parse ] --END-- [ RunTime:0.015600s ]
INFO: [ view_filter ] --START--
INFO: Run Behavior\WriteHtmlCacheBehavior [ RunTime:0.000000s ]
INFO: [ view_filter ] --END-- [ RunTime:0.000000s ]
INFO: [ app_end ] --START--
INFO: Run Behavior\ShowPageTraceBehavior [ RunTime:0.000000s ]
INFO: [ app_end ] --END-- [ RunTime:0.015600s ]

[ 2016-09-28T09:07:52+08:00 ] 127.0.0.1 /api/index.php?s=/Admin/AdverType/add
INFO: [ app_init ] --START--
INFO: Run Behavior\BuildLiteBehavior [ RunTime:0.000000s ]
INFO: [ app_init ] --END-- [ RunTime:0.000000s ]
INFO: [ app_begin ] --START--
INFO: Run Behavior\ReadHtmlCacheBehavior [ RunTime:0.000000s ]
INFO: [ app_begin ] --END-- [ RunTime:0.000000s ]
SQL: SHOW COLUMNS FROM `app_group` [ RunTime:0.0000s ]
SQL: SHOW COLUMNS FROM `app_auth` [ RunTime:0.0000s ]
SQL: SHOW COLUMNS FROM `app_manage` [ RunTime:0.0000s ]
SQL: SHOW COLUMNS FROM `app_article` [ RunTime:0.0156s ]
SQL: SHOW COLUMNS FROM `app_adver` [ RunTime:0.0000s ]
SQL: SELECT `auth` FROM `app_group` WHERE `id` = 1 LIMIT 1   [ RunTime:0.0000s ]
SQL: SELECT * FROM `app_auth` WHERE `status` = 1 ORDER BY sort ASC  [ RunTime:0.0000s ]
NOTIC: [8] Undefined offset: 13 D:\wamp\www\api\Application\Admin\Model\AuthModel.class.php 第 57 行.
SQL: SHOW COLUMNS FROM `app_config` [ RunTime:0.0000s ]
SQL: SELECT * FROM `app_config` WHERE `conf_group` = 2  [ RunTime:0.0000s ]
SQL: SELECT `id`,`pid`,`url` FROM `app_auth` WHERE `url` = 'AdverType/add' LIMIT 1   [ RunTime:0.0000s ]
SQL: SHOW COLUMNS FROM `app_adver_type` [ RunTime:0.0000s ]
INFO: [ view_parse ] --START--
INFO: [ template_filter ] --START--
INFO: Run Behavior\ContentReplaceBehavior [ RunTime:0.000000s ]
INFO: [ template_filter ] --END-- [ RunTime:0.000000s ]
INFO: Run Behavior\ParseTemplateBehavior [ RunTime:0.015600s ]
INFO: [ view_parse ] --END-- [ RunTime:0.015600s ]
INFO: [ view_filter ] --START--
INFO: Run Behavior\WriteHtmlCacheBehavior [ RunTime:0.015600s ]
INFO: [ view_filter ] --END-- [ RunTime:0.015600s ]
INFO: [ app_end ] --START--
INFO: Run Behavior\ShowPageTraceBehavior [ RunTime:0.000000s ]
INFO: [ app_end ] --END-- [ RunTime:0.000000s ]

[ 2016-09-28T09:07:55+08:00 ] 127.0.0.1 /api/index.php?s=/Admin/AdverType/index
INFO: [ app_init ] --START--
INFO: Run Behavior\BuildLiteBehavior [ RunTime:0.000000s ]
INFO: [ app_init ] --END-- [ RunTime:0.000000s ]
INFO: [ app_begin ] --START--
INFO: Run Behavior\ReadHtmlCacheBehavior [ RunTime:0.000000s ]
INFO: [ app_begin ] --END-- [ RunTime:0.000000s ]
SQL: SHOW COLUMNS FROM `app_group` [ RunTime:0.0000s ]
SQL: SHOW COLUMNS FROM `app_auth` [ RunTime:0.0000s ]
SQL: SHOW COLUMNS FROM `app_manage` [ RunTime:0.0000s ]
SQL: SHOW COLUMNS FROM `app_article` [ RunTime:0.0156s ]
SQL: SHOW COLUMNS FROM `app_adver` [ RunTime:0.0000s ]
SQL: SELECT `auth` FROM `app_group` WHERE `id` = 1 LIMIT 1   [ RunTime:0.0000s ]
SQL: SELECT * FROM `app_auth` WHERE `status` = 1 ORDER BY sort ASC  [ RunTime:0.0000s ]
NOTIC: [8] Undefined offset: 13 D:\wamp\www\api\Application\Admin\Model\AuthModel.class.php 第 57 行.
SQL: SHOW COLUMNS FROM `app_config` [ RunTime:0.0000s ]
SQL: SELECT * FROM `app_config` WHERE `conf_group` = 2  [ RunTime:0.0000s ]
SQL: SELECT `id`,`pid`,`url` FROM `app_auth` WHERE `url` = 'AdverType/index' LIMIT 1   [ RunTime:0.0000s ]
SQL: SHOW COLUMNS FROM `app_adver_type` [ RunTime:0.0000s ]
SQL: SELECT * FROM `app_adver_type`  [ RunTime:0.0000s ]
INFO: [ view_parse ] --START--
INFO: [ template_filter ] --START--
INFO: Run Behavior\ContentReplaceBehavior [ RunTime:0.000000s ]
INFO: [ template_filter ] --END-- [ RunTime:0.000000s ]
NOTIC: [8] Undefined variable: page D:\wamp\www\api\Application\Runtime\Cache\Admin\407b904acb90606c910b4c13662da8e2.php 第 98 行.
INFO: Run Behavior\ParseTemplateBehavior [ RunTime:0.015600s ]
INFO: [ view_parse ] --END-- [ RunTime:0.015600s ]
INFO: [ view_filter ] --START--
INFO: Run Behavior\WriteHtmlCacheBehavior [ RunTime:0.000000s ]
INFO: [ view_filter ] --END-- [ RunTime:0.000000s ]
INFO: [ app_end ] --START--
INFO: Run Behavior\ShowPageTraceBehavior [ RunTime:0.000000s ]
INFO: [ app_end ] --END-- [ RunTime:0.000000s ]

[ 2016-09-28T09:08:12+08:00 ] 127.0.0.1 /api/index.php?s=/Admin/Adver/index
INFO: [ app_init ] --START--
INFO: Run Behavior\BuildLiteBehavior [ RunTime:0.000000s ]
INFO: [ app_init ] --END-- [ RunTime:0.000000s ]
INFO: [ app_begin ] --START--
INFO: Run Behavior\ReadHtmlCacheBehavior [ RunTime:0.000000s ]
INFO: [ app_begin ] --END-- [ RunTime:0.000000s ]
SQL: SHOW COLUMNS FROM `app_group` [ RunTime:0.0000s ]
SQL: SHOW COLUMNS FROM `app_auth` [ RunTime:0.0000s ]
SQL: SHOW COLUMNS FROM `app_manage` [ RunTime:0.0000s ]
SQL: SHOW COLUMNS FROM `app_article` [ RunTime:0.0000s ]
SQL: SHOW COLUMNS FROM `app_adver` [ RunTime:0.0000s ]
SQL: SELECT `auth` FROM `app_group` WHERE `id` = 1 LIMIT 1   [ RunTime:0.0000s ]
SQL: SELECT * FROM `app_auth` WHERE `status` = 1 ORDER BY sort ASC  [ RunTime:0.0000s ]
NOTIC: [8] Undefined offset: 13 D:\wamp\www\api\Application\Admin\Model\AuthModel.class.php 第 57 行.
SQL: SHOW COLUMNS FROM `app_config` [ RunTime:0.0000s ]
SQL: SELECT * FROM `app_config` WHERE `conf_group` = 2  [ RunTime:0.0000s ]
SQL: SELECT `id`,`pid`,`url` FROM `app_auth` WHERE `url` = 'Adver/index' LIMIT 1   [ RunTime:0.0000s ]
SQL: SHOW COLUMNS FROM `app_adver_type` [ RunTime:0.0000s ]
SQL: SELECT COUNT(*) AS tp_count FROM `app_adver` LIMIT 1   [ RunTime:0.0000s ]
SQL: SELECT a.id,a.title,a.thumb,a.url,a.status,a.date,b.name as typename FROM app_adver a INNER JOIN app_adver_type as b ON a.type=b.id  ORDER BY date DESC LIMIT 0,20   [ RunTime:0.0000s ]
INFO: [ view_parse ] --START--
INFO: [ template_filter ] --START--
INFO: Run Behavior\ContentReplaceBehavior [ RunTime:0.000000s ]
INFO: [ template_filter ] --END-- [ RunTime:0.000000s ]
INFO: Run Behavior\ParseTemplateBehavior [ RunTime:0.015600s ]
INFO: [ view_parse ] --END-- [ RunTime:0.015600s ]
INFO: [ view_filter ] --START--
INFO: Run Behavior\WriteHtmlCacheBehavior [ RunTime:0.000000s ]
INFO: [ view_filter ] --END-- [ RunTime:0.000000s ]
INFO: [ app_end ] --START--
INFO: Run Behavior\ShowPageTraceBehavior [ RunTime:0.000000s ]
INFO: [ app_end ] --END-- [ RunTime:0.000000s ]

